
[kni@provisioner clusterconfigs]$ oc get clusteroperator
NAME                                       VERSION   AVAILABLE   PROGRESSING   DEGRADED   SINCE   MESSAGE
authentication                             4.10.38   True        False         False      162m
baremetal                                  4.10.38   True        False         False      3h47m
cloud-controller-manager                   4.10.38   True        False         False      4h
cloud-credential                           4.10.38   True        False         False      4h29m
cluster-autoscaler                         4.10.38   True        False         False      3h47m
config-operator                            4.10.38   True        False         False      3h50m
console                                    4.10.38   True        False         False      168m
csi-snapshot-controller                    4.10.38   True        False         False      3h49m
dns                                        4.10.38   True        False         False      3h48m
etcd                                       4.10.38   True        False         False      3h39m
image-registry                             4.10.38   True        False         False      3h25m
ingress                                    4.10.38   True        False         False      171m
insights                                   4.10.38   True        False         False      3h43m
kube-apiserver                             4.10.38   True        False         False      3h35m
kube-controller-manager                    4.10.38   True        False         False      3h35m
kube-scheduler                             4.10.38   True        False         False      3h36m
kube-storage-version-migrator              4.10.38   True        False         False      3h46m
machine-api                                4.10.38   True        False         False      3h31m
machine-approver                           4.10.38   True        False         False      3h47m
machine-config                             4.10.38   True        False         False      3h45m
marketplace                                4.10.38   True        False         False      3h47m
monitoring                                 4.10.38   True        False         False      167m
network                                    4.10.38   True        False         False      3h51m
node-tuning                                4.10.38   True        False         False      3h43m
openshift-apiserver                        4.10.38   True        False         False      3h24m
openshift-controller-manager               4.10.38   True        False         False      3h44m
openshift-samples                          4.10.38   True        False         False      3h35m
operator-lifecycle-manager                 4.10.38   True        False         False      3h49m
operator-lifecycle-manager-catalog         4.10.38   True        False         False      3h49m
operator-lifecycle-manager-packageserver   4.10.38   True        False         False      3h33m
service-ca                                 4.10.38   True        False         False      3h50m
storage                                    4.10.38   True        False         False      3h50m
[kni@provisioner clusterconfigs]$ oc get clusterversion
NAME      VERSION   AVAILABLE   PROGRESSING   SINCE   STATUS
version   4.10.38   True        False         162m    Cluster version is 4.10.38
[kni@provisioner clusterconfigs]$ oc get nodes
NAME                                        STATUS   ROLES    AGE    VERSION
openshift-control-plane-0.bm.surote.local   Ready    master   4h1m   v1.23.12+6b34f32
openshift-control-plane-1.bm.surote.local   Ready    master   4h     v1.23.12+6b34f32
openshift-control-plane-2.bm.surote.local   Ready    master   4h1m   v1.23.12+6b34f32
openshift-worker-0.bm.surote.local          Ready    worker   177m   v1.23.12+6b34f32
openshift-worker-1.bm.surote.local          Ready    worker   177m   v1.23.12+6b34f32
[kni@provisioner clusterconfigs]$
