[kni@provisioner clusterconfigs]$ ls
install-config-cilium.yaml
[kni@provisioner clusterconfigs]$ mv install-config-cilium.yaml install-config.yaml
[kni@provisioner clusterconfigs]$ vi install-config.yaml
[kni@provisioner clusterconfigs]$ vi install-config.yaml
[kni@provisioner clusterconfigs]$ mv install-config.yaml install-config-ovn.yaml
[kni@provisioner clusterconfigs]$ cp install-config-ovn.yaml ../
[kni@provisioner clusterconfigs]$ mv install-config-ovn.yaml install-config.yaml
[kni@provisioner clusterconfigs]$ cd ..
[kni@provisioner ~]$ ls
clusterconfigs  install-config-cilium.yaml  install-config-ovn.yaml  install-config.yaml  nohup.out  oc  openshift-baremetal-install  pull-secret.txt
[kni@provisioner ~]$ ./openshift-baremetal-install --dir ~/clusterconfigs --log-level debug create cluster
DEBUG OpenShift Installer 4.10.38
DEBUG Built from commit 713f40bee887ccdc94d00b253bfb005b7f18ebc5
DEBUG Fetching Metadata...
DEBUG Loading Metadata...
DEBUG   Loading Cluster ID...
DEBUG     Loading Install Config...
DEBUG       Loading SSH Key...
DEBUG       Loading Base Domain...
DEBUG         Loading Platform...
DEBUG       Loading Cluster Name...
DEBUG         Loading Base Domain...
DEBUG         Loading Platform...
DEBUG       Loading Networking...
DEBUG         Loading Platform...
DEBUG       Loading Pull Secret...
DEBUG       Loading Platform...
DEBUG     Using Install Config loaded from target directory
DEBUG   Loading Install Config...
DEBUG   Loading Bootstrap Ignition Config...
DEBUG     Loading Ironic bootstrap credentials...
DEBUG     Loading Install Config...
DEBUG     Loading Kubeconfig Admin Internal Client...
DEBUG       Loading Certificate (admin-kubeconfig-client)...
DEBUG         Loading Certificate (admin-kubeconfig-signer)...
DEBUG       Loading Certificate (kube-apiserver-complete-server-ca-bundle)...
DEBUG         Loading Certificate (kube-apiserver-localhost-ca-bundle)...
DEBUG           Loading Certificate (kube-apiserver-localhost-signer)...
DEBUG         Loading Certificate (kube-apiserver-service-network-ca-bundle)...
DEBUG           Loading Certificate (kube-apiserver-service-network-signer)...
DEBUG         Loading Certificate (kube-apiserver-lb-ca-bundle)...
DEBUG           Loading Certificate (kube-apiserver-lb-signer)...
DEBUG       Loading Install Config...
DEBUG     Loading Kubeconfig Kubelet...
DEBUG       Loading Certificate (kube-apiserver-complete-server-ca-bundle)...
DEBUG       Loading Certificate (kubelet-client)...
DEBUG         Loading Certificate (kubelet-bootstrap-kubeconfig-signer)...
DEBUG       Loading Install Config...
DEBUG     Loading Kubeconfig Admin Client (Loopback)...
DEBUG       Loading Certificate (admin-kubeconfig-client)...
DEBUG       Loading Certificate (kube-apiserver-localhost-ca-bundle)...
DEBUG       Loading Install Config...
DEBUG     Loading Master Ignition Customization Check...
DEBUG       Loading Install Config...
DEBUG       Loading Root CA...
DEBUG       Loading Master Ignition Config...
DEBUG         Loading Install Config...
DEBUG         Loading Root CA...
DEBUG     Loading Worker Ignition Customization Check...
DEBUG       Loading Install Config...
DEBUG       Loading Root CA...
DEBUG       Loading Worker Ignition Config...
DEBUG         Loading Install Config...
DEBUG         Loading Root CA...
DEBUG     Loading Master Machines...
DEBUG       Loading Cluster ID...
DEBUG       Loading Platform Credentials Check...
DEBUG         Loading Install Config...
DEBUG       Loading Install Config...
DEBUG       Loading Image...
DEBUG         Loading Install Config...
DEBUG       Loading Master Ignition Config...
DEBUG     Loading Worker Machines...
DEBUG       Loading Cluster ID...
DEBUG       Loading Platform Credentials Check...
DEBUG       Loading Install Config...
DEBUG       Loading Image...
DEBUG       Loading Worker Ignition Config...
DEBUG     Loading Common Manifests...
DEBUG       Loading Cluster ID...
DEBUG       Loading Install Config...
DEBUG       Loading Ingress Config...
DEBUG         Loading Install Config...
DEBUG       Loading DNS Config...
DEBUG         Loading Install Config...
DEBUG         Loading Cluster ID...
DEBUG         Loading Platform Credentials Check...
DEBUG       Loading Infrastructure Config...
DEBUG         Loading Cluster ID...
DEBUG         Loading Install Config...
DEBUG         Loading Cloud Provider Config...
DEBUG           Loading Install Config...
DEBUG           Loading Cluster ID...
DEBUG           Loading Platform Credentials Check...
DEBUG         Loading Additional Trust Bundle Config...
DEBUG           Loading Install Config...
DEBUG       Loading Network Config...
DEBUG         Loading Install Config...
DEBUG         Loading Network CRDs...
DEBUG       Loading Proxy Config...
DEBUG         Loading Install Config...
DEBUG         Loading Network Config...
DEBUG       Loading Scheduler Config...
DEBUG         Loading Install Config...
DEBUG       Loading Image Content Source Policy...
DEBUG         Loading Install Config...
DEBUG       Loading Root CA...
DEBUG       Loading Certificate (mcs)...
DEBUG         Loading Root CA...
DEBUG         Loading Install Config...
DEBUG       Loading CVOOverrides...
DEBUG       Loading KubeCloudConfig...
DEBUG       Loading KubeSystemConfigmapRootCA...
DEBUG       Loading MachineConfigServerTLSSecret...
DEBUG       Loading OpenshiftConfigSecretPullSecret...
DEBUG     Loading Openshift Manifests...
DEBUG       Loading Install Config...
DEBUG       Loading Cluster ID...
DEBUG       Loading Kubeadmin Password...
DEBUG       Loading OpenShift Install (Manifests)...
DEBUG       Loading CloudCredsSecret...
DEBUG       Loading KubeadminPasswordSecret...
DEBUG       Loading RoleCloudCredsSecretReader...
DEBUG       Loading Baremetal Config CR...
DEBUG       Loading Image...
DEBUG       Loading AzureCloudProviderSecret...
DEBUG     Loading Proxy Config...
DEBUG     Loading Certificate (admin-kubeconfig-ca-bundle)...
DEBUG       Loading Certificate (admin-kubeconfig-signer)...
DEBUG     Loading Certificate (aggregator)...
DEBUG     Loading Certificate (aggregator-ca-bundle)...
DEBUG       Loading Certificate (aggregator-signer)...
DEBUG     Loading Certificate (system:kube-apiserver-proxy)...
DEBUG       Loading Certificate (aggregator-signer)...
DEBUG     Loading Certificate (aggregator-signer)...
DEBUG     Loading Certificate (system:kube-apiserver-proxy)...
DEBUG       Loading Certificate (aggregator)...
DEBUG     Loading Bootstrap SSH Key Pair...
DEBUG     Loading User-provided Service Account Signing key...
DEBUG     Loading Cloud Provider CA Bundle...
DEBUG       Loading Install Config...
DEBUG     Loading Certificate (journal-gatewayd)...
DEBUG       Loading Root CA...
DEBUG     Loading Certificate (kube-apiserver-lb-ca-bundle)...
DEBUG     Loading Certificate (kube-apiserver-external-lb-server)...
DEBUG       Loading Certificate (kube-apiserver-lb-signer)...
DEBUG       Loading Install Config...
DEBUG     Loading Certificate (kube-apiserver-internal-lb-server)...
DEBUG       Loading Certificate (kube-apiserver-lb-signer)...
DEBUG       Loading Install Config...
DEBUG     Loading Certificate (kube-apiserver-lb-signer)...
DEBUG     Loading Certificate (kube-apiserver-localhost-ca-bundle)...
DEBUG     Loading Certificate (kube-apiserver-localhost-server)...
DEBUG       Loading Certificate (kube-apiserver-localhost-signer)...
DEBUG     Loading Certificate (kube-apiserver-localhost-signer)...
DEBUG     Loading Certificate (kube-apiserver-service-network-ca-bundle)...
DEBUG     Loading Certificate (kube-apiserver-service-network-server)...
DEBUG       Loading Certificate (kube-apiserver-service-network-signer)...
DEBUG       Loading Install Config...
DEBUG     Loading Certificate (kube-apiserver-service-network-signer)...
DEBUG     Loading Certificate (kube-apiserver-complete-server-ca-bundle)...
DEBUG     Loading Certificate (kube-apiserver-complete-client-ca-bundle)...
DEBUG       Loading Certificate (admin-kubeconfig-ca-bundle)...
DEBUG       Loading Certificate (kubelet-client-ca-bundle)...
DEBUG         Loading Certificate (kubelet-signer)...
DEBUG       Loading Certificate (kube-control-plane-ca-bundle)...
DEBUG         Loading Certificate (kube-control-plane-signer)...
DEBUG         Loading Certificate (kube-apiserver-lb-signer)...
DEBUG         Loading Certificate (kube-apiserver-localhost-signer)...
DEBUG         Loading Certificate (kube-apiserver-service-network-signer)...
DEBUG       Loading Certificate (kube-apiserver-to-kubelet-ca-bundle)...
DEBUG         Loading Certificate (kube-apiserver-to-kubelet-signer)...
DEBUG       Loading Certificate (kubelet-bootstrap-kubeconfig-ca-bundle)...
DEBUG         Loading Certificate (kubelet-bootstrap-kubeconfig-signer)...
DEBUG     Loading Certificate (kube-apiserver-to-kubelet-ca-bundle)...
DEBUG     Loading Certificate (kube-apiserver-to-kubelet-client)...
DEBUG       Loading Certificate (kube-apiserver-to-kubelet-signer)...
DEBUG     Loading Certificate (kube-apiserver-to-kubelet-signer)...
DEBUG     Loading Certificate (kube-control-plane-ca-bundle)...
DEBUG     Loading Certificate (kube-control-plane-kube-controller-manager-client)...
DEBUG       Loading Certificate (kube-control-plane-signer)...
DEBUG     Loading Certificate (kube-control-plane-kube-scheduler-client)...
DEBUG       Loading Certificate (kube-control-plane-signer)...
DEBUG     Loading Certificate (kube-control-plane-signer)...
DEBUG     Loading Certificate (kubelet-bootstrap-kubeconfig-ca-bundle)...
DEBUG     Loading Certificate (kubelet-client-ca-bundle)...
DEBUG     Loading Certificate (kubelet-client)...
DEBUG     Loading Certificate (kubelet-signer)...
DEBUG     Loading Certificate (kubelet-serving-ca-bundle)...
DEBUG       Loading Certificate (kubelet-signer)...
DEBUG     Loading Certificate (mcs)...
DEBUG     Loading Root CA...
DEBUG     Loading Key Pair (service-account.pub)...
DEBUG     Loading Release Image Pull Spec...
DEBUG     Loading Image...
DEBUG     Loading CVO Ignore...
DEBUG       Loading Common Manifests...
DEBUG       Loading Openshift Manifests...
DEBUG   Fetching Cluster ID...
DEBUG     Fetching Install Config...
DEBUG     Reusing previously-fetched Install Config
DEBUG   Generating Cluster ID...
DEBUG   Fetching Install Config...
DEBUG   Reusing previously-fetched Install Config
DEBUG   Fetching Bootstrap Ignition Config...
DEBUG     Fetching Ironic bootstrap credentials...
DEBUG     Generating Ironic bootstrap credentials...
DEBUG     Fetching Install Config...
DEBUG     Reusing previously-fetched Install Config
DEBUG     Fetching Kubeconfig Admin Internal Client...
DEBUG       Fetching Certificate (admin-kubeconfig-client)...
DEBUG         Fetching Certificate (admin-kubeconfig-signer)...
DEBUG         Generating Certificate (admin-kubeconfig-signer)...
DEBUG       Generating Certificate (admin-kubeconfig-client)...
DEBUG       Fetching Certificate (kube-apiserver-complete-server-ca-bundle)...
DEBUG         Fetching Certificate (kube-apiserver-localhost-ca-bundle)...
DEBUG           Fetching Certificate (kube-apiserver-localhost-signer)...
DEBUG           Generating Certificate (kube-apiserver-localhost-signer)...
DEBUG         Generating Certificate (kube-apiserver-localhost-ca-bundle)...
DEBUG         Fetching Certificate (kube-apiserver-service-network-ca-bundle)...
DEBUG           Fetching Certificate (kube-apiserver-service-network-signer)...
DEBUG           Generating Certificate (kube-apiserver-service-network-signer)...
DEBUG         Generating Certificate (kube-apiserver-service-network-ca-bundle)...
DEBUG         Fetching Certificate (kube-apiserver-lb-ca-bundle)...
DEBUG           Fetching Certificate (kube-apiserver-lb-signer)...
DEBUG           Generating Certificate (kube-apiserver-lb-signer)...
DEBUG         Generating Certificate (kube-apiserver-lb-ca-bundle)...
DEBUG       Generating Certificate (kube-apiserver-complete-server-ca-bundle)...
DEBUG       Fetching Install Config...
DEBUG       Reusing previously-fetched Install Config
DEBUG     Generating Kubeconfig Admin Internal Client...
DEBUG     Fetching Kubeconfig Kubelet...
DEBUG       Fetching Certificate (kube-apiserver-complete-server-ca-bundle)...
DEBUG       Reusing previously-fetched Certificate (kube-apiserver-complete-server-ca-bundle)
DEBUG       Fetching Certificate (kubelet-client)...
DEBUG         Fetching Certificate (kubelet-bootstrap-kubeconfig-signer)...
DEBUG         Generating Certificate (kubelet-bootstrap-kubeconfig-signer)...
DEBUG       Generating Certificate (kubelet-client)...
DEBUG       Fetching Install Config...
DEBUG       Reusing previously-fetched Install Config
DEBUG     Generating Kubeconfig Kubelet...
DEBUG     Fetching Kubeconfig Admin Client (Loopback)...
DEBUG       Fetching Certificate (admin-kubeconfig-client)...
DEBUG       Reusing previously-fetched Certificate (admin-kubeconfig-client)
DEBUG       Fetching Certificate (kube-apiserver-localhost-ca-bundle)...
DEBUG       Reusing previously-fetched Certificate (kube-apiserver-localhost-ca-bundle)
DEBUG       Fetching Install Config...
DEBUG       Reusing previously-fetched Install Config
DEBUG     Generating Kubeconfig Admin Client (Loopback)...
DEBUG     Fetching Master Ignition Customization Check...
DEBUG       Fetching Install Config...
DEBUG       Reusing previously-fetched Install Config
DEBUG       Fetching Root CA...
DEBUG       Generating Root CA...
DEBUG       Fetching Master Ignition Config...
DEBUG         Fetching Install Config...
DEBUG         Reusing previously-fetched Install Config
DEBUG         Fetching Root CA...
DEBUG         Reusing previously-fetched Root CA
DEBUG       Generating Master Ignition Config...
DEBUG     Generating Master Ignition Customization Check...
DEBUG     Fetching Worker Ignition Customization Check...
DEBUG       Fetching Install Config...
DEBUG       Reusing previously-fetched Install Config
DEBUG       Fetching Root CA...
DEBUG       Reusing previously-fetched Root CA
DEBUG       Fetching Worker Ignition Config...
DEBUG         Fetching Install Config...
DEBUG         Reusing previously-fetched Install Config
DEBUG         Fetching Root CA...
DEBUG         Reusing previously-fetched Root CA
DEBUG       Generating Worker Ignition Config...
DEBUG     Generating Worker Ignition Customization Check...
DEBUG     Fetching Master Machines...
DEBUG       Fetching Cluster ID...
DEBUG       Reusing previously-fetched Cluster ID
DEBUG       Fetching Platform Credentials Check...
DEBUG         Fetching Install Config...
DEBUG         Reusing previously-fetched Install Config
DEBUG       Generating Platform Credentials Check...
DEBUG       Fetching Install Config...
DEBUG       Reusing previously-fetched Install Config
DEBUG       Fetching Image...
DEBUG         Fetching Install Config...
DEBUG         Reusing previously-fetched Install Config
DEBUG       Generating Image...
DEBUG       Fetching Master Ignition Config...
DEBUG       Reusing previously-fetched Master Ignition Config
DEBUG     Generating Master Machines...
DEBUG     Fetching Worker Machines...
DEBUG       Fetching Cluster ID...
DEBUG       Reusing previously-fetched Cluster ID
DEBUG       Fetching Platform Credentials Check...
DEBUG       Reusing previously-fetched Platform Credentials Check
DEBUG       Fetching Install Config...
DEBUG       Reusing previously-fetched Install Config
DEBUG       Fetching Image...
DEBUG       Reusing previously-fetched Image
DEBUG       Fetching Worker Ignition Config...
DEBUG       Reusing previously-fetched Worker Ignition Config
DEBUG     Generating Worker Machines...
DEBUG     Fetching Common Manifests...
DEBUG       Fetching Cluster ID...
DEBUG       Reusing previously-fetched Cluster ID
DEBUG       Fetching Install Config...
DEBUG       Reusing previously-fetched Install Config
DEBUG       Fetching Ingress Config...
DEBUG         Fetching Install Config...
DEBUG         Reusing previously-fetched Install Config
DEBUG       Generating Ingress Config...
DEBUG       Fetching DNS Config...
DEBUG         Fetching Install Config...
DEBUG         Reusing previously-fetched Install Config
DEBUG         Fetching Cluster ID...
DEBUG         Reusing previously-fetched Cluster ID
DEBUG         Fetching Platform Credentials Check...
DEBUG         Reusing previously-fetched Platform Credentials Check
DEBUG       Generating DNS Config...
DEBUG       Fetching Infrastructure Config...
DEBUG         Fetching Cluster ID...
DEBUG         Reusing previously-fetched Cluster ID
DEBUG         Fetching Install Config...
DEBUG         Reusing previously-fetched Install Config
DEBUG         Fetching Cloud Provider Config...
DEBUG           Fetching Install Config...
DEBUG           Reusing previously-fetched Install Config
DEBUG           Fetching Cluster ID...
DEBUG           Reusing previously-fetched Cluster ID
DEBUG           Fetching Platform Credentials Check...
DEBUG           Reusing previously-fetched Platform Credentials Check
DEBUG         Generating Cloud Provider Config...
DEBUG         Fetching Additional Trust Bundle Config...
DEBUG           Fetching Install Config...
DEBUG           Reusing previously-fetched Install Config
DEBUG         Generating Additional Trust Bundle Config...
DEBUG       Generating Infrastructure Config...
DEBUG       Fetching Network Config...
DEBUG         Fetching Install Config...
DEBUG         Reusing previously-fetched Install Config
DEBUG         Fetching Network CRDs...
DEBUG         Generating Network CRDs...
DEBUG       Generating Network Config...
DEBUG       Fetching Proxy Config...
DEBUG         Fetching Install Config...
DEBUG         Reusing previously-fetched Install Config
DEBUG         Fetching Network Config...
DEBUG         Reusing previously-fetched Network Config
DEBUG       Generating Proxy Config...
DEBUG       Fetching Scheduler Config...
DEBUG         Fetching Install Config...
DEBUG         Reusing previously-fetched Install Config
DEBUG       Generating Scheduler Config...
DEBUG       Fetching Image Content Source Policy...
DEBUG         Fetching Install Config...
DEBUG         Reusing previously-fetched Install Config
DEBUG       Generating Image Content Source Policy...
DEBUG       Fetching Root CA...
DEBUG       Reusing previously-fetched Root CA
DEBUG       Fetching Certificate (mcs)...
DEBUG         Fetching Root CA...
DEBUG         Reusing previously-fetched Root CA
DEBUG         Fetching Install Config...
DEBUG         Reusing previously-fetched Install Config
DEBUG       Generating Certificate (mcs)...
DEBUG       Fetching CVOOverrides...
DEBUG       Generating CVOOverrides...
DEBUG       Fetching KubeCloudConfig...
DEBUG       Generating KubeCloudConfig...
DEBUG       Fetching KubeSystemConfigmapRootCA...
DEBUG       Generating KubeSystemConfigmapRootCA...
DEBUG       Fetching MachineConfigServerTLSSecret...
DEBUG       Generating MachineConfigServerTLSSecret...
DEBUG       Fetching OpenshiftConfigSecretPullSecret...
DEBUG       Generating OpenshiftConfigSecretPullSecret...
DEBUG     Generating Common Manifests...
DEBUG     Fetching Openshift Manifests...
DEBUG       Fetching Install Config...
DEBUG       Reusing previously-fetched Install Config
DEBUG       Fetching Cluster ID...
DEBUG       Reusing previously-fetched Cluster ID
DEBUG       Fetching Kubeadmin Password...
DEBUG       Generating Kubeadmin Password...
DEBUG       Fetching OpenShift Install (Manifests)...
DEBUG       Generating OpenShift Install (Manifests)...
DEBUG       Fetching CloudCredsSecret...
DEBUG       Generating CloudCredsSecret...
DEBUG       Fetching KubeadminPasswordSecret...
DEBUG       Generating KubeadminPasswordSecret...
DEBUG       Fetching RoleCloudCredsSecretReader...
DEBUG       Generating RoleCloudCredsSecretReader...
DEBUG       Fetching Baremetal Config CR...
DEBUG       Generating Baremetal Config CR...
DEBUG       Fetching Image...
DEBUG       Reusing previously-fetched Image
DEBUG       Fetching AzureCloudProviderSecret...
DEBUG       Generating AzureCloudProviderSecret...
DEBUG     Generating Openshift Manifests...
DEBUG     Fetching Proxy Config...
DEBUG     Reusing previously-fetched Proxy Config
DEBUG     Fetching Certificate (admin-kubeconfig-ca-bundle)...
DEBUG       Fetching Certificate (admin-kubeconfig-signer)...
DEBUG       Reusing previously-fetched Certificate (admin-kubeconfig-signer)
DEBUG     Generating Certificate (admin-kubeconfig-ca-bundle)...
DEBUG     Fetching Certificate (aggregator)...
DEBUG     Generating Certificate (aggregator)...
DEBUG     Fetching Certificate (aggregator-ca-bundle)...
DEBUG       Fetching Certificate (aggregator-signer)...
DEBUG       Generating Certificate (aggregator-signer)...
DEBUG     Generating Certificate (aggregator-ca-bundle)...
DEBUG     Fetching Certificate (system:kube-apiserver-proxy)...
DEBUG       Fetching Certificate (aggregator-signer)...
DEBUG       Reusing previously-fetched Certificate (aggregator-signer)
DEBUG     Generating Certificate (system:kube-apiserver-proxy)...
DEBUG     Fetching Certificate (aggregator-signer)...
DEBUG     Reusing previously-fetched Certificate (aggregator-signer)
DEBUG     Fetching Certificate (system:kube-apiserver-proxy)...
DEBUG       Fetching Certificate (aggregator)...
DEBUG       Reusing previously-fetched Certificate (aggregator)
DEBUG     Generating Certificate (system:kube-apiserver-proxy)...
DEBUG     Fetching Bootstrap SSH Key Pair...
DEBUG     Generating Bootstrap SSH Key Pair...
DEBUG Failed to marshal PKIX public key: %!s(<nil>)
DEBUG     Fetching User-provided Service Account Signing key...
DEBUG     Generating User-provided Service Account Signing key...
DEBUG     Fetching Cloud Provider CA Bundle...
DEBUG       Fetching Install Config...
DEBUG       Reusing previously-fetched Install Config
DEBUG     Generating Cloud Provider CA Bundle...
DEBUG     Fetching Certificate (journal-gatewayd)...
DEBUG       Fetching Root CA...
DEBUG       Reusing previously-fetched Root CA
DEBUG     Generating Certificate (journal-gatewayd)...
DEBUG     Fetching Certificate (kube-apiserver-lb-ca-bundle)...
DEBUG     Reusing previously-fetched Certificate (kube-apiserver-lb-ca-bundle)
DEBUG     Fetching Certificate (kube-apiserver-external-lb-server)...
DEBUG       Fetching Certificate (kube-apiserver-lb-signer)...
DEBUG       Reusing previously-fetched Certificate (kube-apiserver-lb-signer)
DEBUG       Fetching Install Config...
DEBUG       Reusing previously-fetched Install Config
DEBUG     Generating Certificate (kube-apiserver-external-lb-server)...
DEBUG     Fetching Certificate (kube-apiserver-internal-lb-server)...
DEBUG       Fetching Certificate (kube-apiserver-lb-signer)...
DEBUG       Reusing previously-fetched Certificate (kube-apiserver-lb-signer)
DEBUG       Fetching Install Config...
DEBUG       Reusing previously-fetched Install Config
DEBUG     Generating Certificate (kube-apiserver-internal-lb-server)...
DEBUG     Fetching Certificate (kube-apiserver-lb-signer)...
DEBUG     Reusing previously-fetched Certificate (kube-apiserver-lb-signer)
DEBUG     Fetching Certificate (kube-apiserver-localhost-ca-bundle)...
DEBUG     Reusing previously-fetched Certificate (kube-apiserver-localhost-ca-bundle)
DEBUG     Fetching Certificate (kube-apiserver-localhost-server)...
DEBUG       Fetching Certificate (kube-apiserver-localhost-signer)...
DEBUG       Reusing previously-fetched Certificate (kube-apiserver-localhost-signer)
DEBUG     Generating Certificate (kube-apiserver-localhost-server)...
DEBUG     Fetching Certificate (kube-apiserver-localhost-signer)...
DEBUG     Reusing previously-fetched Certificate (kube-apiserver-localhost-signer)
DEBUG     Fetching Certificate (kube-apiserver-service-network-ca-bundle)...
DEBUG     Reusing previously-fetched Certificate (kube-apiserver-service-network-ca-bundle)
DEBUG     Fetching Certificate (kube-apiserver-service-network-server)...
DEBUG       Fetching Certificate (kube-apiserver-service-network-signer)...
DEBUG       Reusing previously-fetched Certificate (kube-apiserver-service-network-signer)
DEBUG       Fetching Install Config...
DEBUG       Reusing previously-fetched Install Config
DEBUG     Generating Certificate (kube-apiserver-service-network-server)...
DEBUG     Fetching Certificate (kube-apiserver-service-network-signer)...
DEBUG     Reusing previously-fetched Certificate (kube-apiserver-service-network-signer)
DEBUG     Fetching Certificate (kube-apiserver-complete-server-ca-bundle)...
DEBUG     Reusing previously-fetched Certificate (kube-apiserver-complete-server-ca-bundle)
DEBUG     Fetching Certificate (kube-apiserver-complete-client-ca-bundle)...
DEBUG       Fetching Certificate (admin-kubeconfig-ca-bundle)...
DEBUG       Reusing previously-fetched Certificate (admin-kubeconfig-ca-bundle)
DEBUG       Fetching Certificate (kubelet-client-ca-bundle)...
DEBUG         Fetching Certificate (kubelet-signer)...
DEBUG         Generating Certificate (kubelet-signer)...
DEBUG       Generating Certificate (kubelet-client-ca-bundle)...
DEBUG       Fetching Certificate (kube-control-plane-ca-bundle)...
DEBUG         Fetching Certificate (kube-control-plane-signer)...
DEBUG         Generating Certificate (kube-control-plane-signer)...
DEBUG         Fetching Certificate (kube-apiserver-lb-signer)...
DEBUG         Reusing previously-fetched Certificate (kube-apiserver-lb-signer)
DEBUG         Fetching Certificate (kube-apiserver-localhost-signer)...
DEBUG         Reusing previously-fetched Certificate (kube-apiserver-localhost-signer)
DEBUG         Fetching Certificate (kube-apiserver-service-network-signer)...
DEBUG         Reusing previously-fetched Certificate (kube-apiserver-service-network-signer)
DEBUG       Generating Certificate (kube-control-plane-ca-bundle)...
DEBUG       Fetching Certificate (kube-apiserver-to-kubelet-ca-bundle)...
DEBUG         Fetching Certificate (kube-apiserver-to-kubelet-signer)...
DEBUG         Generating Certificate (kube-apiserver-to-kubelet-signer)...
DEBUG       Generating Certificate (kube-apiserver-to-kubelet-ca-bundle)...
DEBUG       Fetching Certificate (kubelet-bootstrap-kubeconfig-ca-bundle)...
DEBUG         Fetching Certificate (kubelet-bootstrap-kubeconfig-signer)...
DEBUG         Reusing previously-fetched Certificate (kubelet-bootstrap-kubeconfig-signer)
DEBUG       Generating Certificate (kubelet-bootstrap-kubeconfig-ca-bundle)...
DEBUG     Generating Certificate (kube-apiserver-complete-client-ca-bundle)...
DEBUG     Fetching Certificate (kube-apiserver-to-kubelet-ca-bundle)...
DEBUG     Reusing previously-fetched Certificate (kube-apiserver-to-kubelet-ca-bundle)
DEBUG     Fetching Certificate (kube-apiserver-to-kubelet-client)...
DEBUG       Fetching Certificate (kube-apiserver-to-kubelet-signer)...
DEBUG       Reusing previously-fetched Certificate (kube-apiserver-to-kubelet-signer)
DEBUG     Generating Certificate (kube-apiserver-to-kubelet-client)...
DEBUG     Fetching Certificate (kube-apiserver-to-kubelet-signer)...
DEBUG     Reusing previously-fetched Certificate (kube-apiserver-to-kubelet-signer)
DEBUG     Fetching Certificate (kube-control-plane-ca-bundle)...
DEBUG     Reusing previously-fetched Certificate (kube-control-plane-ca-bundle)
DEBUG     Fetching Certificate (kube-control-plane-kube-controller-manager-client)...
DEBUG       Fetching Certificate (kube-control-plane-signer)...
DEBUG       Reusing previously-fetched Certificate (kube-control-plane-signer)
DEBUG     Generating Certificate (kube-control-plane-kube-controller-manager-client)...
DEBUG     Fetching Certificate (kube-control-plane-kube-scheduler-client)...
DEBUG       Fetching Certificate (kube-control-plane-signer)...
DEBUG       Reusing previously-fetched Certificate (kube-control-plane-signer)
DEBUG     Generating Certificate (kube-control-plane-kube-scheduler-client)...
DEBUG     Fetching Certificate (kube-control-plane-signer)...
DEBUG     Reusing previously-fetched Certificate (kube-control-plane-signer)
DEBUG     Fetching Certificate (kubelet-bootstrap-kubeconfig-ca-bundle)...
DEBUG     Reusing previously-fetched Certificate (kubelet-bootstrap-kubeconfig-ca-bundle)
DEBUG     Fetching Certificate (kubelet-client-ca-bundle)...
DEBUG     Reusing previously-fetched Certificate (kubelet-client-ca-bundle)
DEBUG     Fetching Certificate (kubelet-client)...
DEBUG     Reusing previously-fetched Certificate (kubelet-client)
DEBUG     Fetching Certificate (kubelet-signer)...
DEBUG     Reusing previously-fetched Certificate (kubelet-signer)
DEBUG     Fetching Certificate (kubelet-serving-ca-bundle)...
DEBUG       Fetching Certificate (kubelet-signer)...
DEBUG       Reusing previously-fetched Certificate (kubelet-signer)
DEBUG     Generating Certificate (kubelet-serving-ca-bundle)...
DEBUG     Fetching Certificate (mcs)...
DEBUG     Reusing previously-fetched Certificate (mcs)
DEBUG     Fetching Root CA...
DEBUG     Reusing previously-fetched Root CA
DEBUG     Fetching Key Pair (service-account.pub)...
DEBUG     Generating Key Pair (service-account.pub)...
DEBUG Failed to marshal PKIX public key: %!s(<nil>)
DEBUG     Fetching Release Image Pull Spec...
DEBUG     Generating Release Image Pull Spec...
DEBUG Using internal constant for release image quay.io/openshift-release-dev/ocp-release@sha256:50d7ee7fe5aa9a8900cce799868be7d2a504c796a6a999089c9bd56b14ccef97
DEBUG     Fetching Image...
DEBUG     Reusing previously-fetched Image
DEBUG     Fetching CVO Ignore...
DEBUG       Fetching Common Manifests...
DEBUG       Reusing previously-fetched Common Manifests
DEBUG       Fetching Openshift Manifests...
DEBUG       Reusing previously-fetched Openshift Manifests
DEBUG     Generating CVO Ignore...
DEBUG   Generating Bootstrap Ignition Config...
DEBUG Generating Metadata...
INFO Consuming Install Config from target directory
DEBUG Purging asset "Install Config" from disk
DEBUG Fetching Master Ignition Customization Check...
DEBUG Reusing previously-fetched Master Ignition Customization Check
DEBUG Fetching Worker Ignition Customization Check...
DEBUG Reusing previously-fetched Worker Ignition Customization Check
DEBUG Fetching Terraform Variables...
DEBUG Loading Terraform Variables...
DEBUG   Loading Cluster ID...
DEBUG   Loading Install Config...
DEBUG   Loading Image...
DEBUG   Loading BootstrapImage...
DEBUG     Loading Install Config...
DEBUG     Loading Image...
DEBUG   Loading Bootstrap Ignition Config...
DEBUG   Loading Master Ignition Config...
DEBUG   Loading Master Machines...
DEBUG   Loading Worker Machines...
DEBUG   Loading Ironic bootstrap credentials...
DEBUG   Loading Platform Provisioning Check...
DEBUG     Loading Install Config...
DEBUG   Loading Common Manifests...
DEBUG   Fetching Cluster ID...
DEBUG   Reusing previously-fetched Cluster ID
DEBUG   Fetching Install Config...
DEBUG   Reusing previously-fetched Install Config
DEBUG   Fetching Image...
DEBUG   Reusing previously-fetched Image
DEBUG   Fetching BootstrapImage...
DEBUG     Fetching Install Config...
DEBUG     Reusing previously-fetched Install Config
DEBUG     Fetching Image...
DEBUG     Reusing previously-fetched Image
DEBUG   Generating BootstrapImage...
DEBUG   Fetching Bootstrap Ignition Config...
DEBUG   Reusing previously-fetched Bootstrap Ignition Config
DEBUG   Fetching Master Ignition Config...
DEBUG   Reusing previously-fetched Master Ignition Config
DEBUG   Fetching Master Machines...
DEBUG   Reusing previously-fetched Master Machines
DEBUG   Fetching Worker Machines...
DEBUG   Reusing previously-fetched Worker Machines
DEBUG   Fetching Ironic bootstrap credentials...
DEBUG   Reusing previously-fetched Ironic bootstrap credentials
DEBUG   Fetching Platform Provisioning Check...
DEBUG     Fetching Install Config...
DEBUG     Reusing previously-fetched Install Config
DEBUG   Generating Platform Provisioning Check...
DEBUG   Fetching Common Manifests...
DEBUG   Reusing previously-fetched Common Manifests
DEBUG Generating Terraform Variables...
INFO Obtaining RHCOS image file from 'https://rhcos.mirror.openshift.com/art/storage/releases/rhcos-4.10/410.84.202210040010-0/x86_64/rhcos-410.84.202210040010-0-qemu.x86_64.qcow2.gz?sha256=564956536fc148c890fd385b220d8ec8ac060f15203e7ef6e2e20805a1ef936e'
INFO The file was found in cache: /home/kni/.cache/openshift-installer/image_cache/rhcos-410.84.202210040010-0-qemu.x86_64.qcow2. Reusing...
DEBUG Fetching Kubeconfig Admin Client...
DEBUG Loading Kubeconfig Admin Client...
DEBUG   Loading Certificate (admin-kubeconfig-client)...
DEBUG   Loading Certificate (kube-apiserver-complete-server-ca-bundle)...
DEBUG   Loading Install Config...
DEBUG   Fetching Certificate (admin-kubeconfig-client)...
DEBUG   Reusing previously-fetched Certificate (admin-kubeconfig-client)
DEBUG   Fetching Certificate (kube-apiserver-complete-server-ca-bundle)...
DEBUG   Reusing previously-fetched Certificate (kube-apiserver-complete-server-ca-bundle)
DEBUG   Fetching Install Config...
DEBUG   Reusing previously-fetched Install Config
DEBUG Generating Kubeconfig Admin Client...
DEBUG Fetching Kubeadmin Password...
DEBUG Reusing previously-fetched Kubeadmin Password
DEBUG Fetching Certificate (journal-gatewayd)...
DEBUG Reusing previously-fetched Certificate (journal-gatewayd)
DEBUG Fetching Cluster...
DEBUG Loading Cluster...
DEBUG   Loading Cluster ID...
DEBUG   Loading Install Config...
DEBUG   Loading Platform Credentials Check...
DEBUG   Loading Platform Permissions Check...
DEBUG     Loading Install Config...
DEBUG   Loading Platform Provisioning Check...
DEBUG   Loading Platform Quota Check...
DEBUG     Loading Install Config...
DEBUG     Loading Master Machines...
DEBUG     Loading Worker Machines...
DEBUG   Loading Terraform Variables...
DEBUG   Loading Kubeadmin Password...
DEBUG   Fetching Cluster ID...
DEBUG   Reusing previously-fetched Cluster ID
DEBUG   Fetching Install Config...
DEBUG   Reusing previously-fetched Install Config
DEBUG   Fetching Platform Credentials Check...
DEBUG   Reusing previously-fetched Platform Credentials Check
DEBUG   Fetching Platform Permissions Check...
DEBUG     Fetching Install Config...
DEBUG     Reusing previously-fetched Install Config
DEBUG   Generating Platform Permissions Check...
DEBUG   Fetching Platform Provisioning Check...
DEBUG   Reusing previously-fetched Platform Provisioning Check
DEBUG   Fetching Platform Quota Check...
DEBUG     Fetching Install Config...
DEBUG     Reusing previously-fetched Install Config
DEBUG     Fetching Master Machines...
DEBUG     Reusing previously-fetched Master Machines
DEBUG     Fetching Worker Machines...
DEBUG     Reusing previously-fetched Worker Machines
DEBUG   Generating Platform Quota Check...
DEBUG   Fetching Terraform Variables...
DEBUG   Reusing previously-fetched Terraform Variables
DEBUG   Fetching Kubeadmin Password...
DEBUG   Reusing previously-fetched Kubeadmin Password
DEBUG Generating Cluster...
INFO Creating infrastructure resources...
DEBUG Symlinking plugin terraform-provider-random src: "/home/kni/openshift-baremetal-install" dst: "/tmp/openshift-install-bootstrap-3286223814/plugins/openshift/local/random/1.0.0/linux_amd64/terraform-provider-random"
DEBUG Symlinking plugin terraform-provider-google src: "/home/kni/openshift-baremetal-install" dst: "/tmp/openshift-install-bootstrap-3286223814/plugins/openshift/local/google/1.0.0/linux_amd64/terraform-provider-google"
DEBUG Symlinking plugin terraform-provider-local src: "/home/kni/openshift-baremetal-install" dst: "/tmp/openshift-install-bootstrap-3286223814/plugins/openshift/local/local/1.0.0/linux_amd64/terraform-provider-local"
DEBUG Symlinking plugin terraform-provider-openstack src: "/home/kni/openshift-baremetal-install" dst: "/tmp/openshift-install-bootstrap-3286223814/plugins/openshift/local/openstack/1.0.0/linux_amd64/terraform-provider-openstack"
DEBUG Symlinking plugin terraform-provider-vsphere src: "/home/kni/openshift-baremetal-install" dst: "/tmp/openshift-install-bootstrap-3286223814/plugins/openshift/local/vsphere/1.0.0/linux_amd64/terraform-provider-vsphere"
DEBUG Symlinking plugin terraform-provider-vsphereprivate src: "/home/kni/openshift-baremetal-install" dst: "/tmp/openshift-install-bootstrap-3286223814/plugins/openshift/local/vsphereprivate/1.0.0/linux_amd64/terraform-provider-vsphereprivate"
DEBUG Symlinking plugin terraform-provider-alicloud src: "/home/kni/openshift-baremetal-install" dst: "/tmp/openshift-install-bootstrap-3286223814/plugins/openshift/local/alicloud/1.0.0/linux_amd64/terraform-provider-alicloud"
DEBUG Symlinking plugin terraform-provider-ignition src: "/home/kni/openshift-baremetal-install" dst: "/tmp/openshift-install-bootstrap-3286223814/plugins/openshift/local/ignition/1.0.0/linux_amd64/terraform-provider-ignition"
DEBUG Symlinking plugin terraform-provider-ovirt src: "/home/kni/openshift-baremetal-install" dst: "/tmp/openshift-install-bootstrap-3286223814/plugins/openshift/local/ovirt/1.0.0/linux_amd64/terraform-provider-ovirt"
DEBUG Symlinking plugin terraform-provider-azurestack src: "/home/kni/openshift-baremetal-install" dst: "/tmp/openshift-install-bootstrap-3286223814/plugins/openshift/local/azurestack/1.0.0/linux_amd64/terraform-provider-azurestack"
DEBUG Symlinking plugin terraform-provider-ironic src: "/home/kni/openshift-baremetal-install" dst: "/tmp/openshift-install-bootstrap-3286223814/plugins/openshift/local/ironic/1.0.0/linux_amd64/terraform-provider-ironic"
DEBUG Symlinking plugin terraform-provider-azureprivatedns src: "/home/kni/openshift-baremetal-install" dst: "/tmp/openshift-install-bootstrap-3286223814/plugins/openshift/local/azureprivatedns/1.0.0/linux_amd64/terraform-provider-azureprivatedns"
DEBUG Symlinking plugin terraform-provider-ibm src: "/home/kni/openshift-baremetal-install" dst: "/tmp/openshift-install-bootstrap-3286223814/plugins/openshift/local/ibm/1.0.0/linux_amd64/terraform-provider-ibm"
DEBUG Symlinking plugin terraform-provider-libvirt src: "/home/kni/openshift-baremetal-install" dst: "/tmp/openshift-install-bootstrap-3286223814/plugins/openshift/local/libvirt/1.0.0/linux_amd64/terraform-provider-libvirt"
DEBUG Symlinking plugin terraform-provider-aws src: "/home/kni/openshift-baremetal-install" dst: "/tmp/openshift-install-bootstrap-3286223814/plugins/openshift/local/aws/1.0.0/linux_amd64/terraform-provider-aws"
DEBUG Symlinking plugin terraform-provider-azurerm src: "/home/kni/openshift-baremetal-install" dst: "/tmp/openshift-install-bootstrap-3286223814/plugins/openshift/local/azurerm/1.0.0/linux_amd64/terraform-provider-azurerm"
DEBUG
DEBUG Initializing the backend...
DEBUG
DEBUG Initializing provider plugins...
DEBUG - Finding latest version of openshift/local/libvirt...
DEBUG - Finding latest version of openshift/local/ironic...
DEBUG - Installing openshift/local/ironic v1.0.0...
DEBUG - Installed openshift/local/ironic v1.0.0 (unauthenticated)
DEBUG - Installing openshift/local/libvirt v1.0.0...
DEBUG - Installed openshift/local/libvirt v1.0.0 (unauthenticated)
DEBUG
DEBUG Terraform has created a lock file .terraform.lock.hcl to record the provider
DEBUG selections it made above. Include this file in your version control repository
DEBUG so that Terraform can guarantee to make the same selections by default when
DEBUG you run "terraform init" in the future.
DEBUG
DEBUG Terraform has been successfully initialized!
DEBUG
DEBUG You may now begin working with Terraform. Try running "terraform plan" to see
DEBUG any changes that are required for your infrastructure. All Terraform commands
DEBUG should now work.
DEBUG
DEBUG If you ever set or change modules or backend configuration for Terraform,
DEBUG rerun this command to reinitialize your working directory. If you forget, other
DEBUG commands will detect it and remind you to do so if necessary.
DEBUG libvirt_pool.bootstrap: Creating...
DEBUG libvirt_pool.bootstrap: Creation complete after 5s [id=37eb9cad-5a11-4672-9141-4e8f5b7c9810]
DEBUG libvirt_volume.bootstrap-base: Creating...
DEBUG libvirt_ignition.bootstrap: Creating...
DEBUG libvirt_volume.bootstrap-base: Still creating... [10s elapsed]
DEBUG libvirt_ignition.bootstrap: Still creating... [10s elapsed]
DEBUG libvirt_volume.bootstrap-base: Still creating... [20s elapsed]
DEBUG libvirt_ignition.bootstrap: Still creating... [20s elapsed]
DEBUG libvirt_volume.bootstrap-base: Still creating... [30s elapsed]
DEBUG libvirt_ignition.bootstrap: Still creating... [30s elapsed]
DEBUG libvirt_volume.bootstrap-base: Still creating... [40s elapsed]
DEBUG libvirt_ignition.bootstrap: Still creating... [40s elapsed]
DEBUG libvirt_volume.bootstrap-base: Still creating... [50s elapsed]
DEBUG libvirt_ignition.bootstrap: Still creating... [50s elapsed]
DEBUG libvirt_volume.bootstrap-base: Still creating... [1m0s elapsed]
DEBUG libvirt_ignition.bootstrap: Still creating... [1m0s elapsed]
DEBUG libvirt_volume.bootstrap-base: Still creating... [1m10s elapsed]
DEBUG libvirt_ignition.bootstrap: Still creating... [1m10s elapsed]
DEBUG libvirt_volume.bootstrap-base: Still creating... [1m20s elapsed]
DEBUG libvirt_ignition.bootstrap: Still creating... [1m20s elapsed]
DEBUG libvirt_volume.bootstrap-base: Still creating... [1m30s elapsed]
DEBUG libvirt_ignition.bootstrap: Still creating... [1m30s elapsed]
DEBUG libvirt_volume.bootstrap-base: Still creating... [1m40s elapsed]
DEBUG libvirt_ignition.bootstrap: Still creating... [1m40s elapsed]
DEBUG libvirt_volume.bootstrap-base: Still creating... [1m50s elapsed]
DEBUG libvirt_ignition.bootstrap: Still creating... [1m50s elapsed]
DEBUG libvirt_volume.bootstrap-base: Creation complete after 2m0s [id=/var/lib/libvirt/openshift-images/bm-gjzqj-bootstrap/bm-gjzqj-bootstrap-base]
DEBUG libvirt_ignition.bootstrap: Creation complete after 2m0s [id=/var/lib/libvirt/openshift-images/bm-gjzqj-bootstrap/bm-gjzqj-bootstrap.ign;b80499f8-38b3-4e08-86ab-b437d1f916f2]
DEBUG libvirt_volume.bootstrap: Creating...
DEBUG libvirt_volume.bootstrap: Creation complete after 0s [id=/var/lib/libvirt/openshift-images/bm-gjzqj-bootstrap/bm-gjzqj-bootstrap]
DEBUG libvirt_domain.bootstrap: Creating...
DEBUG libvirt_domain.bootstrap: Creation complete after 1s [id=a695b0f0-bcd5-4557-b3b1-d9a7f84bf77f]
DEBUG
DEBUG Apply complete! Resources: 5 added, 0 changed, 0 destroyed.
DEBUG Symlinking plugin terraform-provider-vsphereprivate src: "/home/kni/openshift-baremetal-install" dst: "/tmp/openshift-install-masters-2709654993/plugins/openshift/local/vsphereprivate/1.0.0/linux_amd64/terraform-provider-vsphereprivate"
DEBUG Symlinking plugin terraform-provider-alicloud src: "/home/kni/openshift-baremetal-install" dst: "/tmp/openshift-install-masters-2709654993/plugins/openshift/local/alicloud/1.0.0/linux_amd64/terraform-provider-alicloud"
DEBUG Symlinking plugin terraform-provider-ignition src: "/home/kni/openshift-baremetal-install" dst: "/tmp/openshift-install-masters-2709654993/plugins/openshift/local/ignition/1.0.0/linux_amd64/terraform-provider-ignition"
DEBUG Symlinking plugin terraform-provider-openstack src: "/home/kni/openshift-baremetal-install" dst: "/tmp/openshift-install-masters-2709654993/plugins/openshift/local/openstack/1.0.0/linux_amd64/terraform-provider-openstack"
DEBUG Symlinking plugin terraform-provider-vsphere src: "/home/kni/openshift-baremetal-install" dst: "/tmp/openshift-install-masters-2709654993/plugins/openshift/local/vsphere/1.0.0/linux_amd64/terraform-provider-vsphere"
DEBUG Symlinking plugin terraform-provider-azurestack src: "/home/kni/openshift-baremetal-install" dst: "/tmp/openshift-install-masters-2709654993/plugins/openshift/local/azurestack/1.0.0/linux_amd64/terraform-provider-azurestack"
DEBUG Symlinking plugin terraform-provider-ironic src: "/home/kni/openshift-baremetal-install" dst: "/tmp/openshift-install-masters-2709654993/plugins/openshift/local/ironic/1.0.0/linux_amd64/terraform-provider-ironic"
DEBUG Symlinking plugin terraform-provider-ovirt src: "/home/kni/openshift-baremetal-install" dst: "/tmp/openshift-install-masters-2709654993/plugins/openshift/local/ovirt/1.0.0/linux_amd64/terraform-provider-ovirt"
DEBUG Symlinking plugin terraform-provider-libvirt src: "/home/kni/openshift-baremetal-install" dst: "/tmp/openshift-install-masters-2709654993/plugins/openshift/local/libvirt/1.0.0/linux_amd64/terraform-provider-libvirt"
DEBUG Symlinking plugin terraform-provider-aws src: "/home/kni/openshift-baremetal-install" dst: "/tmp/openshift-install-masters-2709654993/plugins/openshift/local/aws/1.0.0/linux_amd64/terraform-provider-aws"
DEBUG Symlinking plugin terraform-provider-azurerm src: "/home/kni/openshift-baremetal-install" dst: "/tmp/openshift-install-masters-2709654993/plugins/openshift/local/azurerm/1.0.0/linux_amd64/terraform-provider-azurerm"
DEBUG Symlinking plugin terraform-provider-azureprivatedns src: "/home/kni/openshift-baremetal-install" dst: "/tmp/openshift-install-masters-2709654993/plugins/openshift/local/azureprivatedns/1.0.0/linux_amd64/terraform-provider-azureprivatedns"
DEBUG Symlinking plugin terraform-provider-ibm src: "/home/kni/openshift-baremetal-install" dst: "/tmp/openshift-install-masters-2709654993/plugins/openshift/local/ibm/1.0.0/linux_amd64/terraform-provider-ibm"
DEBUG Symlinking plugin terraform-provider-google src: "/home/kni/openshift-baremetal-install" dst: "/tmp/openshift-install-masters-2709654993/plugins/openshift/local/google/1.0.0/linux_amd64/terraform-provider-google"
DEBUG Symlinking plugin terraform-provider-local src: "/home/kni/openshift-baremetal-install" dst: "/tmp/openshift-install-masters-2709654993/plugins/openshift/local/local/1.0.0/linux_amd64/terraform-provider-local"
DEBUG Symlinking plugin terraform-provider-random src: "/home/kni/openshift-baremetal-install" dst: "/tmp/openshift-install-masters-2709654993/plugins/openshift/local/random/1.0.0/linux_amd64/terraform-provider-random"
DEBUG
DEBUG Initializing the backend...
DEBUG
DEBUG Initializing provider plugins...
DEBUG - Finding latest version of openshift/local/ironic...
DEBUG - Installing openshift/local/ironic v1.0.0...
DEBUG - Installed openshift/local/ironic v1.0.0 (unauthenticated)
DEBUG
DEBUG Terraform has created a lock file .terraform.lock.hcl to record the provider
DEBUG selections it made above. Include this file in your version control repository
DEBUG so that Terraform can guarantee to make the same selections by default when
DEBUG you run "terraform init" in the future.
DEBUG
DEBUG Terraform has been successfully initialized!
DEBUG
DEBUG You may now begin working with Terraform. Try running "terraform plan" to see
DEBUG any changes that are required for your infrastructure. All Terraform commands
DEBUG should now work.
DEBUG
DEBUG If you ever set or change modules or backend configuration for Terraform,
DEBUG rerun this command to reinitialize your working directory. If you forget, other
DEBUG commands will detect it and remind you to do so if necessary.
DEBUG ironic_node_v1.openshift-master-host[2]: Creating...
DEBUG ironic_node_v1.openshift-master-host[0]: Creating...
DEBUG ironic_node_v1.openshift-master-host[1]: Creating...
DEBUG ironic_node_v1.openshift-master-host[2]: Still creating... [10s elapsed]
DEBUG ironic_node_v1.openshift-master-host[1]: Still creating... [10s elapsed]
DEBUG ironic_node_v1.openshift-master-host[0]: Still creating... [10s elapsed]
DEBUG ironic_node_v1.openshift-master-host[2]: Still creating... [20s elapsed]
DEBUG ironic_node_v1.openshift-master-host[1]: Still creating... [20s elapsed]
DEBUG ironic_node_v1.openshift-master-host[0]: Still creating... [20s elapsed]
DEBUG ironic_node_v1.openshift-master-host[2]: Still creating... [30s elapsed]
DEBUG ironic_node_v1.openshift-master-host[0]: Still creating... [30s elapsed]
DEBUG ironic_node_v1.openshift-master-host[1]: Still creating... [30s elapsed]
DEBUG ironic_node_v1.openshift-master-host[2]: Still creating... [40s elapsed]
DEBUG ironic_node_v1.openshift-master-host[1]: Still creating... [40s elapsed]
DEBUG ironic_node_v1.openshift-master-host[0]: Still creating... [40s elapsed]
DEBUG ironic_node_v1.openshift-master-host[2]: Still creating... [50s elapsed]
DEBUG ironic_node_v1.openshift-master-host[0]: Still creating... [50s elapsed]
DEBUG ironic_node_v1.openshift-master-host[1]: Still creating... [50s elapsed]
DEBUG ironic_node_v1.openshift-master-host[2]: Still creating... [1m0s elapsed]
DEBUG ironic_node_v1.openshift-master-host[1]: Still creating... [1m0s elapsed]
DEBUG ironic_node_v1.openshift-master-host[0]: Still creating... [1m0s elapsed]
DEBUG ironic_node_v1.openshift-master-host[2]: Still creating... [1m10s elapsed]
DEBUG ironic_node_v1.openshift-master-host[1]: Still creating... [1m10s elapsed]
DEBUG ironic_node_v1.openshift-master-host[0]: Still creating... [1m10s elapsed]
DEBUG ironic_node_v1.openshift-master-host[2]: Still creating... [1m20s elapsed]
DEBUG ironic_node_v1.openshift-master-host[1]: Still creating... [1m20s elapsed]
DEBUG ironic_node_v1.openshift-master-host[0]: Still creating... [1m20s elapsed]
DEBUG ironic_node_v1.openshift-master-host[2]: Still creating... [1m30s elapsed]
DEBUG ironic_node_v1.openshift-master-host[1]: Still creating... [1m30s elapsed]
DEBUG ironic_node_v1.openshift-master-host[0]: Still creating... [1m30s elapsed]
DEBUG ironic_node_v1.openshift-master-host[2]: Still creating... [1m40s elapsed]
DEBUG ironic_node_v1.openshift-master-host[0]: Still creating... [1m40s elapsed]
DEBUG ironic_node_v1.openshift-master-host[1]: Still creating... [1m40s elapsed]
DEBUG ironic_node_v1.openshift-master-host[2]: Still creating... [1m50s elapsed]
DEBUG ironic_node_v1.openshift-master-host[1]: Still creating... [1m50s elapsed]
DEBUG ironic_node_v1.openshift-master-host[0]: Still creating... [1m50s elapsed]
DEBUG ironic_node_v1.openshift-master-host[2]: Still creating... [2m0s elapsed]
DEBUG ironic_node_v1.openshift-master-host[0]: Still creating... [2m0s elapsed]
DEBUG ironic_node_v1.openshift-master-host[1]: Still creating... [2m0s elapsed]
DEBUG ironic_node_v1.openshift-master-host[2]: Still creating... [2m10s elapsed]
DEBUG ironic_node_v1.openshift-master-host[1]: Still creating... [2m10s elapsed]
DEBUG ironic_node_v1.openshift-master-host[0]: Still creating... [2m10s elapsed]
DEBUG ironic_node_v1.openshift-master-host[2]: Still creating... [2m20s elapsed]
DEBUG ironic_node_v1.openshift-master-host[0]: Still creating... [2m20s elapsed]
DEBUG ironic_node_v1.openshift-master-host[1]: Still creating... [2m20s elapsed]
DEBUG ironic_node_v1.openshift-master-host[2]: Still creating... [2m30s elapsed]
DEBUG ironic_node_v1.openshift-master-host[1]: Still creating... [2m30s elapsed]
DEBUG ironic_node_v1.openshift-master-host[0]: Still creating... [2m30s elapsed]
DEBUG ironic_node_v1.openshift-master-host[2]: Still creating... [2m40s elapsed]
DEBUG ironic_node_v1.openshift-master-host[0]: Still creating... [2m40s elapsed]
DEBUG ironic_node_v1.openshift-master-host[1]: Still creating... [2m40s elapsed]
DEBUG ironic_node_v1.openshift-master-host[2]: Still creating... [2m50s elapsed]
DEBUG ironic_node_v1.openshift-master-host[1]: Still creating... [2m50s elapsed]
DEBUG ironic_node_v1.openshift-master-host[0]: Still creating... [2m50s elapsed]
DEBUG ironic_node_v1.openshift-master-host[2]: Still creating... [3m0s elapsed]
DEBUG ironic_node_v1.openshift-master-host[0]: Still creating... [3m0s elapsed]
DEBUG ironic_node_v1.openshift-master-host[1]: Still creating... [3m0s elapsed]
DEBUG ironic_node_v1.openshift-master-host[2]: Still creating... [3m10s elapsed]
DEBUG ironic_node_v1.openshift-master-host[1]: Still creating... [3m10s elapsed]
DEBUG ironic_node_v1.openshift-master-host[0]: Still creating... [3m10s elapsed]
DEBUG ironic_node_v1.openshift-master-host[2]: Still creating... [3m20s elapsed]
DEBUG ironic_node_v1.openshift-master-host[0]: Still creating... [3m20s elapsed]
DEBUG ironic_node_v1.openshift-master-host[1]: Still creating... [3m20s elapsed]
DEBUG ironic_node_v1.openshift-master-host[2]: Still creating... [3m30s elapsed]
DEBUG ironic_node_v1.openshift-master-host[1]: Still creating... [3m30s elapsed]
DEBUG ironic_node_v1.openshift-master-host[0]: Still creating... [3m30s elapsed]
DEBUG ironic_node_v1.openshift-master-host[2]: Still creating... [3m40s elapsed]
DEBUG ironic_node_v1.openshift-master-host[0]: Still creating... [3m40s elapsed]
DEBUG ironic_node_v1.openshift-master-host[1]: Still creating... [3m40s elapsed]
DEBUG ironic_node_v1.openshift-master-host[2]: Still creating... [3m50s elapsed]
DEBUG ironic_node_v1.openshift-master-host[1]: Still creating... [3m50s elapsed]
DEBUG ironic_node_v1.openshift-master-host[0]: Still creating... [3m50s elapsed]
DEBUG ironic_node_v1.openshift-master-host[2]: Still creating... [4m0s elapsed]
DEBUG ironic_node_v1.openshift-master-host[0]: Still creating... [4m0s elapsed]
DEBUG ironic_node_v1.openshift-master-host[1]: Still creating... [4m0s elapsed]
DEBUG ironic_node_v1.openshift-master-host[2]: Still creating... [4m10s elapsed]
DEBUG ironic_node_v1.openshift-master-host[1]: Still creating... [4m10s elapsed]
DEBUG ironic_node_v1.openshift-master-host[0]: Still creating... [4m10s elapsed]
DEBUG ironic_node_v1.openshift-master-host[2]: Still creating... [4m20s elapsed]
DEBUG ironic_node_v1.openshift-master-host[0]: Still creating... [4m20s elapsed]
DEBUG ironic_node_v1.openshift-master-host[1]: Still creating... [4m20s elapsed]
DEBUG ironic_node_v1.openshift-master-host[2]: Still creating... [4m30s elapsed]
DEBUG ironic_node_v1.openshift-master-host[1]: Still creating... [4m30s elapsed]
DEBUG ironic_node_v1.openshift-master-host[0]: Still creating... [4m30s elapsed]
DEBUG ironic_node_v1.openshift-master-host[2]: Still creating... [4m40s elapsed]
DEBUG ironic_node_v1.openshift-master-host[0]: Still creating... [4m40s elapsed]
DEBUG ironic_node_v1.openshift-master-host[1]: Still creating... [4m40s elapsed]
DEBUG ironic_node_v1.openshift-master-host[2]: Still creating... [4m50s elapsed]
DEBUG ironic_node_v1.openshift-master-host[1]: Still creating... [4m50s elapsed]
DEBUG ironic_node_v1.openshift-master-host[0]: Still creating... [4m50s elapsed]
DEBUG ironic_node_v1.openshift-master-host[2]: Still creating... [5m0s elapsed]
DEBUG ironic_node_v1.openshift-master-host[0]: Still creating... [5m0s elapsed]
DEBUG ironic_node_v1.openshift-master-host[1]: Still creating... [5m0s elapsed]
DEBUG ironic_node_v1.openshift-master-host[2]: Still creating... [5m10s elapsed]
DEBUG ironic_node_v1.openshift-master-host[0]: Still creating... [5m10s elapsed]
DEBUG ironic_node_v1.openshift-master-host[1]: Still creating... [5m10s elapsed]
DEBUG ironic_node_v1.openshift-master-host[2]: Still creating... [5m20s elapsed]
DEBUG ironic_node_v1.openshift-master-host[0]: Still creating... [5m20s elapsed]
DEBUG ironic_node_v1.openshift-master-host[1]: Still creating... [5m20s elapsed]
DEBUG ironic_node_v1.openshift-master-host[2]: Still creating... [5m30s elapsed]
DEBUG ironic_node_v1.openshift-master-host[0]: Still creating... [5m30s elapsed]
DEBUG ironic_node_v1.openshift-master-host[1]: Still creating... [5m30s elapsed]
DEBUG ironic_node_v1.openshift-master-host[2]: Still creating... [5m40s elapsed]
DEBUG ironic_node_v1.openshift-master-host[1]: Still creating... [5m40s elapsed]
DEBUG ironic_node_v1.openshift-master-host[0]: Still creating... [5m40s elapsed]
DEBUG ironic_node_v1.openshift-master-host[2]: Still creating... [5m50s elapsed]
DEBUG ironic_node_v1.openshift-master-host[0]: Still creating... [5m50s elapsed]
DEBUG ironic_node_v1.openshift-master-host[1]: Still creating... [5m50s elapsed]
DEBUG ironic_node_v1.openshift-master-host[2]: Still creating... [6m0s elapsed]
DEBUG ironic_node_v1.openshift-master-host[1]: Still creating... [6m0s elapsed]
DEBUG ironic_node_v1.openshift-master-host[0]: Still creating... [6m0s elapsed]
DEBUG ironic_node_v1.openshift-master-host[2]: Still creating... [6m10s elapsed]
DEBUG ironic_node_v1.openshift-master-host[0]: Still creating... [6m10s elapsed]
DEBUG ironic_node_v1.openshift-master-host[1]: Still creating... [6m10s elapsed]
DEBUG ironic_node_v1.openshift-master-host[2]: Still creating... [6m20s elapsed]
DEBUG ironic_node_v1.openshift-master-host[1]: Still creating... [6m20s elapsed]
DEBUG ironic_node_v1.openshift-master-host[0]: Still creating... [6m20s elapsed]
DEBUG ironic_node_v1.openshift-master-host[2]: Still creating... [6m30s elapsed]
DEBUG ironic_node_v1.openshift-master-host[0]: Still creating... [6m30s elapsed]
DEBUG ironic_node_v1.openshift-master-host[1]: Still creating... [6m30s elapsed]
DEBUG ironic_node_v1.openshift-master-host[2]: Still creating... [6m40s elapsed]
DEBUG ironic_node_v1.openshift-master-host[0]: Still creating... [6m40s elapsed]
DEBUG ironic_node_v1.openshift-master-host[1]: Still creating... [6m40s elapsed]
DEBUG ironic_node_v1.openshift-master-host[2]: Still creating... [6m50s elapsed]
DEBUG ironic_node_v1.openshift-master-host[0]: Still creating... [6m50s elapsed]
DEBUG ironic_node_v1.openshift-master-host[1]: Still creating... [6m50s elapsed]
DEBUG ironic_node_v1.openshift-master-host[2]: Still creating... [7m0s elapsed]
DEBUG ironic_node_v1.openshift-master-host[1]: Still creating... [7m0s elapsed]
DEBUG ironic_node_v1.openshift-master-host[0]: Still creating... [7m0s elapsed]
DEBUG ironic_node_v1.openshift-master-host[2]: Still creating... [7m10s elapsed]
DEBUG ironic_node_v1.openshift-master-host[0]: Still creating... [7m10s elapsed]
DEBUG ironic_node_v1.openshift-master-host[1]: Still creating... [7m10s elapsed]
DEBUG ironic_node_v1.openshift-master-host[2]: Still creating... [7m20s elapsed]
DEBUG ironic_node_v1.openshift-master-host[1]: Still creating... [7m20s elapsed]
DEBUG ironic_node_v1.openshift-master-host[0]: Still creating... [7m20s elapsed]
DEBUG ironic_node_v1.openshift-master-host[2]: Still creating... [7m30s elapsed]
DEBUG ironic_node_v1.openshift-master-host[0]: Still creating... [7m30s elapsed]
DEBUG ironic_node_v1.openshift-master-host[1]: Still creating... [7m30s elapsed]
DEBUG ironic_node_v1.openshift-master-host[2]: Still creating... [7m40s elapsed]
DEBUG ironic_node_v1.openshift-master-host[1]: Still creating... [7m40s elapsed]
DEBUG ironic_node_v1.openshift-master-host[0]: Still creating... [7m40s elapsed]
DEBUG ironic_node_v1.openshift-master-host[2]: Still creating... [7m50s elapsed]
DEBUG ironic_node_v1.openshift-master-host[0]: Still creating... [7m50s elapsed]
DEBUG ironic_node_v1.openshift-master-host[1]: Still creating... [7m50s elapsed]
DEBUG ironic_node_v1.openshift-master-host[2]: Still creating... [8m0s elapsed]
DEBUG ironic_node_v1.openshift-master-host[1]: Still creating... [8m0s elapsed]
DEBUG ironic_node_v1.openshift-master-host[0]: Still creating... [8m0s elapsed]
DEBUG ironic_node_v1.openshift-master-host[2]: Still creating... [8m10s elapsed]
DEBUG ironic_node_v1.openshift-master-host[1]: Still creating... [8m10s elapsed]
DEBUG ironic_node_v1.openshift-master-host[0]: Still creating... [8m10s elapsed]
DEBUG ironic_node_v1.openshift-master-host[2]: Still creating... [8m20s elapsed]
DEBUG ironic_node_v1.openshift-master-host[0]: Still creating... [8m20s elapsed]
DEBUG ironic_node_v1.openshift-master-host[1]: Still creating... [8m20s elapsed]
DEBUG ironic_node_v1.openshift-master-host[2]: Still creating... [8m30s elapsed]
DEBUG ironic_node_v1.openshift-master-host[0]: Still creating... [8m30s elapsed]
DEBUG ironic_node_v1.openshift-master-host[1]: Still creating... [8m30s elapsed]
DEBUG ironic_node_v1.openshift-master-host[2]: Still creating... [8m40s elapsed]
DEBUG ironic_node_v1.openshift-master-host[0]: Still creating... [8m40s elapsed]
DEBUG ironic_node_v1.openshift-master-host[1]: Still creating... [8m40s elapsed]
DEBUG ironic_node_v1.openshift-master-host[2]: Still creating... [8m50s elapsed]
DEBUG ironic_node_v1.openshift-master-host[0]: Still creating... [8m50s elapsed]
DEBUG ironic_node_v1.openshift-master-host[1]: Still creating... [8m50s elapsed]
DEBUG ironic_node_v1.openshift-master-host[2]: Still creating... [9m0s elapsed]
DEBUG ironic_node_v1.openshift-master-host[1]: Still creating... [9m0s elapsed]
DEBUG ironic_node_v1.openshift-master-host[0]: Still creating... [9m0s elapsed]
DEBUG ironic_node_v1.openshift-master-host[0]: Still creating... [9m10s elapsed]
DEBUG ironic_node_v1.openshift-master-host[1]: Still creating... [9m10s elapsed]
DEBUG ironic_node_v1.openshift-master-host[2]: Still creating... [9m10s elapsed]
DEBUG ironic_node_v1.openshift-master-host[2]: Still creating... [9m20s elapsed]
DEBUG ironic_node_v1.openshift-master-host[1]: Still creating... [9m20s elapsed]
DEBUG ironic_node_v1.openshift-master-host[0]: Still creating... [9m20s elapsed]
DEBUG ironic_node_v1.openshift-master-host[2]: Still creating... [9m30s elapsed]
DEBUG ironic_node_v1.openshift-master-host[0]: Still creating... [9m30s elapsed]
DEBUG ironic_node_v1.openshift-master-host[1]: Still creating... [9m30s elapsed]
DEBUG ironic_node_v1.openshift-master-host[1]: Still creating... [9m40s elapsed]
DEBUG ironic_node_v1.openshift-master-host[0]: Still creating... [9m40s elapsed]
DEBUG ironic_node_v1.openshift-master-host[2]: Still creating... [9m40s elapsed]
DEBUG ironic_node_v1.openshift-master-host[2]: Still creating... [9m50s elapsed]
DEBUG ironic_node_v1.openshift-master-host[1]: Still creating... [9m50s elapsed]
DEBUG ironic_node_v1.openshift-master-host[0]: Still creating... [9m50s elapsed]
DEBUG ironic_node_v1.openshift-master-host[2]: Still creating... [10m0s elapsed]
DEBUG ironic_node_v1.openshift-master-host[1]: Still creating... [10m0s elapsed]
DEBUG ironic_node_v1.openshift-master-host[0]: Still creating... [10m0s elapsed]
DEBUG ironic_node_v1.openshift-master-host[2]: Still creating... [10m10s elapsed]
DEBUG ironic_node_v1.openshift-master-host[1]: Still creating... [10m10s elapsed]
DEBUG ironic_node_v1.openshift-master-host[0]: Still creating... [10m10s elapsed]
DEBUG ironic_node_v1.openshift-master-host[2]: Still creating... [10m20s elapsed]
DEBUG ironic_node_v1.openshift-master-host[1]: Still creating... [10m20s elapsed]
DEBUG ironic_node_v1.openshift-master-host[0]: Still creating... [10m20s elapsed]
DEBUG ironic_node_v1.openshift-master-host[1]: Still creating... [10m30s elapsed]
DEBUG ironic_node_v1.openshift-master-host[2]: Still creating... [10m30s elapsed]
DEBUG ironic_node_v1.openshift-master-host[0]: Still creating... [10m30s elapsed]
DEBUG ironic_node_v1.openshift-master-host[1]: Still creating... [10m40s elapsed]
DEBUG ironic_node_v1.openshift-master-host[2]: Still creating... [10m40s elapsed]
DEBUG ironic_node_v1.openshift-master-host[0]: Still creating... [10m40s elapsed]
DEBUG ironic_node_v1.openshift-master-host[2]: Still creating... [10m50s elapsed]
DEBUG ironic_node_v1.openshift-master-host[1]: Still creating... [10m50s elapsed]
DEBUG ironic_node_v1.openshift-master-host[0]: Still creating... [10m50s elapsed]
DEBUG ironic_node_v1.openshift-master-host[0]: Still creating... [11m0s elapsed]
DEBUG ironic_node_v1.openshift-master-host[1]: Still creating... [11m0s elapsed]
DEBUG ironic_node_v1.openshift-master-host[2]: Still creating... [11m0s elapsed]
DEBUG ironic_node_v1.openshift-master-host[0]: Still creating... [11m10s elapsed]
DEBUG ironic_node_v1.openshift-master-host[1]: Still creating... [11m10s elapsed]
DEBUG ironic_node_v1.openshift-master-host[2]: Still creating... [11m10s elapsed]
DEBUG ironic_node_v1.openshift-master-host[0]: Still creating... [11m20s elapsed]
DEBUG ironic_node_v1.openshift-master-host[1]: Still creating... [11m20s elapsed]
DEBUG ironic_node_v1.openshift-master-host[2]: Still creating... [11m20s elapsed]
DEBUG ironic_node_v1.openshift-master-host[0]: Still creating... [11m30s elapsed]
DEBUG ironic_node_v1.openshift-master-host[2]: Still creating... [11m30s elapsed]
DEBUG ironic_node_v1.openshift-master-host[1]: Still creating... [11m30s elapsed]
DEBUG ironic_node_v1.openshift-master-host[1]: Still creating... [11m40s elapsed]
DEBUG ironic_node_v1.openshift-master-host[0]: Still creating... [11m40s elapsed]
DEBUG ironic_node_v1.openshift-master-host[2]: Still creating... [11m40s elapsed]
DEBUG ironic_node_v1.openshift-master-host[2]: Still creating... [11m50s elapsed]
DEBUG ironic_node_v1.openshift-master-host[1]: Still creating... [11m50s elapsed]
DEBUG ironic_node_v1.openshift-master-host[0]: Still creating... [11m50s elapsed]
DEBUG ironic_node_v1.openshift-master-host[0]: Still creating... [12m0s elapsed]
DEBUG ironic_node_v1.openshift-master-host[2]: Still creating... [12m0s elapsed]
DEBUG ironic_node_v1.openshift-master-host[1]: Still creating... [12m0s elapsed]
DEBUG ironic_node_v1.openshift-master-host[0]: Still creating... [12m10s elapsed]
DEBUG ironic_node_v1.openshift-master-host[1]: Still creating... [12m10s elapsed]
DEBUG ironic_node_v1.openshift-master-host[2]: Still creating... [12m10s elapsed]
DEBUG ironic_node_v1.openshift-master-host[2]: Still creating... [12m20s elapsed]
DEBUG ironic_node_v1.openshift-master-host[0]: Still creating... [12m20s elapsed]
DEBUG ironic_node_v1.openshift-master-host[1]: Still creating... [12m20s elapsed]
DEBUG ironic_node_v1.openshift-master-host[1]: Still creating... [12m30s elapsed]
DEBUG ironic_node_v1.openshift-master-host[2]: Still creating... [12m30s elapsed]
DEBUG ironic_node_v1.openshift-master-host[0]: Still creating... [12m30s elapsed]
DEBUG ironic_node_v1.openshift-master-host[0]: Still creating... [12m40s elapsed]
DEBUG ironic_node_v1.openshift-master-host[1]: Still creating... [12m40s elapsed]
DEBUG ironic_node_v1.openshift-master-host[2]: Still creating... [12m40s elapsed]
DEBUG ironic_node_v1.openshift-master-host[2]: Still creating... [12m50s elapsed]
DEBUG ironic_node_v1.openshift-master-host[0]: Still creating... [12m50s elapsed]
DEBUG ironic_node_v1.openshift-master-host[1]: Still creating... [12m50s elapsed]
DEBUG ironic_node_v1.openshift-master-host[1]: Still creating... [13m0s elapsed]
DEBUG ironic_node_v1.openshift-master-host[2]: Still creating... [13m0s elapsed]
DEBUG ironic_node_v1.openshift-master-host[0]: Still creating... [13m0s elapsed]
DEBUG ironic_node_v1.openshift-master-host[2]: Still creating... [13m10s elapsed]
DEBUG ironic_node_v1.openshift-master-host[1]: Still creating... [13m10s elapsed]
DEBUG ironic_node_v1.openshift-master-host[0]: Still creating... [13m10s elapsed]
DEBUG ironic_node_v1.openshift-master-host[0]: Still creating... [13m20s elapsed]
DEBUG ironic_node_v1.openshift-master-host[2]: Still creating... [13m20s elapsed]
DEBUG ironic_node_v1.openshift-master-host[1]: Still creating... [13m20s elapsed]
DEBUG ironic_node_v1.openshift-master-host[2]: Still creating... [13m30s elapsed]
DEBUG ironic_node_v1.openshift-master-host[0]: Still creating... [13m30s elapsed]
DEBUG ironic_node_v1.openshift-master-host[1]: Still creating... [13m30s elapsed]
DEBUG ironic_node_v1.openshift-master-host[1]: Still creating... [13m40s elapsed]
DEBUG ironic_node_v1.openshift-master-host[2]: Still creating... [13m40s elapsed]
DEBUG ironic_node_v1.openshift-master-host[0]: Still creating... [13m40s elapsed]
DEBUG ironic_node_v1.openshift-master-host[0]: Still creating... [13m50s elapsed]
DEBUG ironic_node_v1.openshift-master-host[1]: Still creating... [13m50s elapsed]
DEBUG ironic_node_v1.openshift-master-host[2]: Still creating... [13m50s elapsed]
DEBUG ironic_node_v1.openshift-master-host[2]: Still creating... [14m0s elapsed]
DEBUG ironic_node_v1.openshift-master-host[0]: Still creating... [14m0s elapsed]
DEBUG ironic_node_v1.openshift-master-host[1]: Still creating... [14m0s elapsed]
DEBUG ironic_node_v1.openshift-master-host[1]: Still creating... [14m10s elapsed]
DEBUG ironic_node_v1.openshift-master-host[2]: Still creating... [14m10s elapsed]
DEBUG ironic_node_v1.openshift-master-host[0]: Still creating... [14m10s elapsed]
DEBUG ironic_node_v1.openshift-master-host[0]: Still creating... [14m20s elapsed]
DEBUG ironic_node_v1.openshift-master-host[1]: Still creating... [14m20s elapsed]
DEBUG ironic_node_v1.openshift-master-host[2]: Still creating... [14m20s elapsed]
DEBUG ironic_node_v1.openshift-master-host[2]: Still creating... [14m30s elapsed]
DEBUG ironic_node_v1.openshift-master-host[0]: Still creating... [14m30s elapsed]
DEBUG ironic_node_v1.openshift-master-host[1]: Still creating... [14m30s elapsed]
DEBUG ironic_node_v1.openshift-master-host[1]: Still creating... [14m40s elapsed]
DEBUG ironic_node_v1.openshift-master-host[2]: Still creating... [14m40s elapsed]
DEBUG ironic_node_v1.openshift-master-host[0]: Still creating... [14m40s elapsed]
DEBUG ironic_node_v1.openshift-master-host[0]: Still creating... [14m50s elapsed]
DEBUG ironic_node_v1.openshift-master-host[1]: Still creating... [14m50s elapsed]
DEBUG ironic_node_v1.openshift-master-host[2]: Still creating... [14m50s elapsed]
DEBUG ironic_node_v1.openshift-master-host[0]: Still creating... [15m0s elapsed]
DEBUG ironic_node_v1.openshift-master-host[2]: Still creating... [15m0s elapsed]
DEBUG ironic_node_v1.openshift-master-host[1]: Still creating... [15m0s elapsed]
DEBUG ironic_node_v1.openshift-master-host[1]: Still creating... [15m10s elapsed]
DEBUG ironic_node_v1.openshift-master-host[0]: Still creating... [15m10s elapsed]
DEBUG ironic_node_v1.openshift-master-host[2]: Still creating... [15m10s elapsed]
DEBUG ironic_node_v1.openshift-master-host[2]: Still creating... [15m20s elapsed]
DEBUG ironic_node_v1.openshift-master-host[1]: Still creating... [15m20s elapsed]
DEBUG ironic_node_v1.openshift-master-host[0]: Still creating... [15m20s elapsed]
DEBUG ironic_node_v1.openshift-master-host[0]: Still creating... [15m30s elapsed]
DEBUG ironic_node_v1.openshift-master-host[2]: Still creating... [15m30s elapsed]
DEBUG ironic_node_v1.openshift-master-host[1]: Still creating... [15m30s elapsed]
DEBUG ironic_node_v1.openshift-master-host[1]: Still creating... [15m40s elapsed]
DEBUG ironic_node_v1.openshift-master-host[0]: Still creating... [15m40s elapsed]
DEBUG ironic_node_v1.openshift-master-host[2]: Still creating... [15m40s elapsed]
DEBUG ironic_node_v1.openshift-master-host[2]: Still creating... [15m50s elapsed]
DEBUG ironic_node_v1.openshift-master-host[1]: Still creating... [15m50s elapsed]
DEBUG ironic_node_v1.openshift-master-host[0]: Still creating... [15m50s elapsed]
DEBUG ironic_node_v1.openshift-master-host[0]: Still creating... [16m0s elapsed]
DEBUG ironic_node_v1.openshift-master-host[2]: Still creating... [16m0s elapsed]
DEBUG ironic_node_v1.openshift-master-host[1]: Still creating... [16m0s elapsed]
DEBUG ironic_node_v1.openshift-master-host[1]: Still creating... [16m10s elapsed]
DEBUG ironic_node_v1.openshift-master-host[0]: Still creating... [16m10s elapsed]
DEBUG ironic_node_v1.openshift-master-host[2]: Still creating... [16m10s elapsed]
DEBUG ironic_node_v1.openshift-master-host[2]: Still creating... [16m20s elapsed]
DEBUG ironic_node_v1.openshift-master-host[1]: Still creating... [16m20s elapsed]
DEBUG ironic_node_v1.openshift-master-host[0]: Still creating... [16m20s elapsed]
DEBUG ironic_node_v1.openshift-master-host[0]: Still creating... [16m30s elapsed]
DEBUG ironic_node_v1.openshift-master-host[2]: Still creating... [16m30s elapsed]
DEBUG ironic_node_v1.openshift-master-host[1]: Still creating... [16m30s elapsed]
DEBUG ironic_node_v1.openshift-master-host[1]: Still creating... [16m40s elapsed]
DEBUG ironic_node_v1.openshift-master-host[0]: Still creating... [16m40s elapsed]
DEBUG ironic_node_v1.openshift-master-host[2]: Still creating... [16m40s elapsed]
DEBUG ironic_node_v1.openshift-master-host[2]: Still creating... [16m50s elapsed]
DEBUG ironic_node_v1.openshift-master-host[1]: Still creating... [16m50s elapsed]
DEBUG ironic_node_v1.openshift-master-host[0]: Still creating... [16m50s elapsed]
DEBUG ironic_node_v1.openshift-master-host[0]: Still creating... [17m0s elapsed]
DEBUG ironic_node_v1.openshift-master-host[2]: Still creating... [17m0s elapsed]
DEBUG ironic_node_v1.openshift-master-host[1]: Still creating... [17m0s elapsed]
DEBUG ironic_node_v1.openshift-master-host[1]: Still creating... [17m10s elapsed]
DEBUG ironic_node_v1.openshift-master-host[0]: Still creating... [17m10s elapsed]
DEBUG ironic_node_v1.openshift-master-host[2]: Still creating... [17m10s elapsed]
DEBUG ironic_node_v1.openshift-master-host[2]: Still creating... [17m20s elapsed]
DEBUG ironic_node_v1.openshift-master-host[1]: Still creating... [17m20s elapsed]
DEBUG ironic_node_v1.openshift-master-host[0]: Still creating... [17m20s elapsed]
DEBUG ironic_node_v1.openshift-master-host[0]: Still creating... [17m30s elapsed]
DEBUG ironic_node_v1.openshift-master-host[2]: Still creating... [17m30s elapsed]
DEBUG ironic_node_v1.openshift-master-host[1]: Still creating... [17m30s elapsed]
DEBUG ironic_node_v1.openshift-master-host[0]: Still creating... [17m40s elapsed]
DEBUG ironic_node_v1.openshift-master-host[2]: Still creating... [17m40s elapsed]
DEBUG ironic_node_v1.openshift-master-host[1]: Still creating... [17m40s elapsed]
DEBUG ironic_node_v1.openshift-master-host[2]: Still creating... [17m50s elapsed]
DEBUG ironic_node_v1.openshift-master-host[0]: Still creating... [17m50s elapsed]
DEBUG ironic_node_v1.openshift-master-host[1]: Still creating... [17m50s elapsed]
DEBUG ironic_node_v1.openshift-master-host[1]: Still creating... [18m0s elapsed]
DEBUG ironic_node_v1.openshift-master-host[2]: Still creating... [18m0s elapsed]
DEBUG ironic_node_v1.openshift-master-host[0]: Still creating... [18m0s elapsed]
DEBUG ironic_node_v1.openshift-master-host[0]: Still creating... [18m10s elapsed]
DEBUG ironic_node_v1.openshift-master-host[1]: Still creating... [18m10s elapsed]
DEBUG ironic_node_v1.openshift-master-host[2]: Still creating... [18m10s elapsed]
DEBUG ironic_node_v1.openshift-master-host[2]: Still creating... [18m20s elapsed]
DEBUG ironic_node_v1.openshift-master-host[0]: Still creating... [18m20s elapsed]
DEBUG ironic_node_v1.openshift-master-host[1]: Still creating... [18m20s elapsed]
DEBUG ironic_node_v1.openshift-master-host[2]: Still creating... [18m30s elapsed]
DEBUG ironic_node_v1.openshift-master-host[1]: Still creating... [18m30s elapsed]
DEBUG ironic_node_v1.openshift-master-host[0]: Still creating... [18m30s elapsed]
DEBUG ironic_node_v1.openshift-master-host[0]: Still creating... [18m40s elapsed]
DEBUG ironic_node_v1.openshift-master-host[2]: Still creating... [18m40s elapsed]
DEBUG ironic_node_v1.openshift-master-host[1]: Still creating... [18m40s elapsed]
DEBUG ironic_node_v1.openshift-master-host[1]: Still creating... [18m50s elapsed]
DEBUG ironic_node_v1.openshift-master-host[0]: Still creating... [18m50s elapsed]
DEBUG ironic_node_v1.openshift-master-host[2]: Still creating... [18m50s elapsed]
DEBUG ironic_node_v1.openshift-master-host[2]: Still creating... [19m0s elapsed]
DEBUG ironic_node_v1.openshift-master-host[1]: Still creating... [19m0s elapsed]
DEBUG ironic_node_v1.openshift-master-host[0]: Still creating... [19m0s elapsed]
DEBUG ironic_node_v1.openshift-master-host[0]: Still creating... [19m10s elapsed]
DEBUG ironic_node_v1.openshift-master-host[2]: Still creating... [19m10s elapsed]
DEBUG ironic_node_v1.openshift-master-host[1]: Still creating... [19m10s elapsed]
DEBUG ironic_node_v1.openshift-master-host[0]: Still creating... [19m20s elapsed]
DEBUG ironic_node_v1.openshift-master-host[2]: Still creating... [19m20s elapsed]
DEBUG ironic_node_v1.openshift-master-host[1]: Still creating... [19m20s elapsed]
DEBUG ironic_node_v1.openshift-master-host[1]: Still creating... [19m30s elapsed]
DEBUG ironic_node_v1.openshift-master-host[0]: Still creating... [19m30s elapsed]
DEBUG ironic_node_v1.openshift-master-host[2]: Still creating... [19m30s elapsed]
DEBUG ironic_node_v1.openshift-master-host[2]: Creation complete after 19m36s [id=3346bd97-9250-496b-9f33-a35da84e7df7]
DEBUG ironic_node_v1.openshift-master-host[1]: Creation complete after 19m36s [id=9d969117-817c-4c33-8de1-4bf340fc1c57]
DEBUG ironic_node_v1.openshift-master-host[0]: Creation complete after 19m37s [id=17f0fd81-ab88-47ba-9589-a7fbe69f4c09]
DEBUG data.ironic_introspection.openshift-master-introspection[2]: Reading...
DEBUG data.ironic_introspection.openshift-master-introspection[0]: Reading...
DEBUG data.ironic_introspection.openshift-master-introspection[1]: Reading...
DEBUG ironic_deployment.openshift-master-deployment[1]: Creating...
DEBUG ironic_deployment.openshift-master-deployment[0]: Creating...
DEBUG ironic_deployment.openshift-master-deployment[2]: Creating...
DEBUG data.ironic_introspection.openshift-master-introspection[1]: Read complete after 0s [id=2022-11-09 11:26:40.698258951 +0000 UTC]
DEBUG data.ironic_introspection.openshift-master-introspection[0]: Read complete after 0s [id=2022-11-09 11:26:40.702274245 +0000 UTC]
DEBUG data.ironic_introspection.openshift-master-introspection[2]: Read complete after 0s [id=2022-11-09 11:26:40.707478019 +0000 UTC]
DEBUG ironic_deployment.openshift-master-deployment[0]: Still creating... [10s elapsed]
DEBUG ironic_deployment.openshift-master-deployment[1]: Still creating... [10s elapsed]
DEBUG ironic_deployment.openshift-master-deployment[2]: Still creating... [10s elapsed]
DEBUG ironic_deployment.openshift-master-deployment[1]: Still creating... [20s elapsed]
DEBUG ironic_deployment.openshift-master-deployment[0]: Still creating... [20s elapsed]
DEBUG ironic_deployment.openshift-master-deployment[2]: Still creating... [20s elapsed]
DEBUG ironic_deployment.openshift-master-deployment[0]: Still creating... [30s elapsed]
DEBUG ironic_deployment.openshift-master-deployment[1]: Still creating... [30s elapsed]
DEBUG ironic_deployment.openshift-master-deployment[2]: Still creating... [30s elapsed]
DEBUG ironic_deployment.openshift-master-deployment[1]: Still creating... [40s elapsed]
DEBUG ironic_deployment.openshift-master-deployment[0]: Still creating... [40s elapsed]
DEBUG ironic_deployment.openshift-master-deployment[2]: Still creating... [40s elapsed]
DEBUG ironic_deployment.openshift-master-deployment[1]: Still creating... [50s elapsed]
DEBUG ironic_deployment.openshift-master-deployment[0]: Still creating... [50s elapsed]
DEBUG ironic_deployment.openshift-master-deployment[2]: Still creating... [50s elapsed]
DEBUG ironic_deployment.openshift-master-deployment[2]: Still creating... [1m0s elapsed]
DEBUG ironic_deployment.openshift-master-deployment[1]: Still creating... [1m0s elapsed]
DEBUG ironic_deployment.openshift-master-deployment[0]: Still creating... [1m0s elapsed]
DEBUG ironic_deployment.openshift-master-deployment[0]: Still creating... [1m10s elapsed]
DEBUG ironic_deployment.openshift-master-deployment[2]: Still creating... [1m10s elapsed]
DEBUG ironic_deployment.openshift-master-deployment[1]: Still creating... [1m10s elapsed]
DEBUG ironic_deployment.openshift-master-deployment[1]: Still creating... [1m20s elapsed]
DEBUG ironic_deployment.openshift-master-deployment[0]: Still creating... [1m20s elapsed]
DEBUG ironic_deployment.openshift-master-deployment[2]: Still creating... [1m20s elapsed]
DEBUG ironic_deployment.openshift-master-deployment[2]: Still creating... [1m30s elapsed]
DEBUG ironic_deployment.openshift-master-deployment[1]: Still creating... [1m30s elapsed]
DEBUG ironic_deployment.openshift-master-deployment[0]: Still creating... [1m30s elapsed]
DEBUG ironic_deployment.openshift-master-deployment[0]: Still creating... [1m40s elapsed]
DEBUG ironic_deployment.openshift-master-deployment[1]: Still creating... [1m40s elapsed]
DEBUG ironic_deployment.openshift-master-deployment[2]: Still creating... [1m40s elapsed]
DEBUG ironic_deployment.openshift-master-deployment[0]: Still creating... [1m50s elapsed]
DEBUG ironic_deployment.openshift-master-deployment[1]: Still creating... [1m50s elapsed]
DEBUG ironic_deployment.openshift-master-deployment[2]: Still creating... [1m50s elapsed]
DEBUG ironic_deployment.openshift-master-deployment[2]: Still creating... [2m0s elapsed]
DEBUG ironic_deployment.openshift-master-deployment[1]: Still creating... [2m0s elapsed]
DEBUG ironic_deployment.openshift-master-deployment[0]: Still creating... [2m0s elapsed]
DEBUG ironic_deployment.openshift-master-deployment[0]: Still creating... [2m10s elapsed]
DEBUG ironic_deployment.openshift-master-deployment[2]: Still creating... [2m10s elapsed]
DEBUG ironic_deployment.openshift-master-deployment[1]: Still creating... [2m10s elapsed]
DEBUG ironic_deployment.openshift-master-deployment[1]: Still creating... [2m20s elapsed]
DEBUG ironic_deployment.openshift-master-deployment[0]: Still creating... [2m20s elapsed]
DEBUG ironic_deployment.openshift-master-deployment[2]: Still creating... [2m20s elapsed]
DEBUG ironic_deployment.openshift-master-deployment[2]: Still creating... [2m30s elapsed]
DEBUG ironic_deployment.openshift-master-deployment[0]: Still creating... [2m30s elapsed]
DEBUG ironic_deployment.openshift-master-deployment[1]: Still creating... [2m30s elapsed]
DEBUG ironic_deployment.openshift-master-deployment[1]: Creation complete after 2m31s [id=9d969117-817c-4c33-8de1-4bf340fc1c57]
DEBUG ironic_deployment.openshift-master-deployment[0]: Creation complete after 2m31s [id=17f0fd81-ab88-47ba-9589-a7fbe69f4c09]
DEBUG ironic_deployment.openshift-master-deployment[2]: Creation complete after 2m31s [id=3346bd97-9250-496b-9f33-a35da84e7df7]
DEBUG
DEBUG Apply complete! Resources: 6 added, 0 changed, 0 destroyed.
DEBUG
DEBUG Outputs:
DEBUG
DEBUG control_plane_interfaces = [
DEBUG   tolist([
DEBUG     tomap({
DEBUG       "ip" = "172.22.0.74"
DEBUG       "mac" = "00:50:56:84:d4:5e"
DEBUG       "name" = "ens192"
DEBUG     }),
DEBUG     tomap({
DEBUG       "ip" = "192.168.3.115"
DEBUG       "mac" = "00:50:56:84:f0:0f"
DEBUG       "name" = "ens224"
DEBUG     }),
DEBUG   ]),
DEBUG   tolist([
DEBUG     tomap({
DEBUG       "ip" = "172.22.0.224"
DEBUG       "mac" = "00:50:56:84:5c:1d"
DEBUG       "name" = "ens192"
DEBUG     }),
DEBUG     tomap({
DEBUG       "ip" = "192.168.3.105"
DEBUG       "mac" = "00:50:56:84:27:cc"
DEBUG       "name" = "ens224"
DEBUG     }),
DEBUG   ]),
DEBUG   tolist([
DEBUG     tomap({
DEBUG       "ip" = "192.168.3.107"
DEBUG       "mac" = "00:50:56:84:2e:fd"
DEBUG       "name" = "ens224"
DEBUG     }),
DEBUG     tomap({
DEBUG       "ip" = "172.22.0.225"
DEBUG       "mac" = "00:50:56:84:2b:e2"
DEBUG       "name" = "ens192"
DEBUG     }),
DEBUG   ]),
DEBUG ]
DEBUG OpenShift Installer 4.10.38
DEBUG Built from commit 713f40bee887ccdc94d00b253bfb005b7f18ebc5
INFO Waiting up to 20m0s (until 6:49AM) for the Kubernetes API at https://api.bm.surote.local:6443...
INFO API v1.23.12+6b34f32 up
DEBUG Loading Install Config...
DEBUG   Loading SSH Key...
DEBUG   Loading Base Domain...
DEBUG     Loading Platform...
DEBUG   Loading Cluster Name...
DEBUG     Loading Base Domain...
DEBUG     Loading Platform...
DEBUG   Loading Networking...
DEBUG     Loading Platform...
DEBUG   Loading Pull Secret...
DEBUG   Loading Platform...
DEBUG Using Install Config loaded from state file
INFO Waiting up to 1h0m0s (until 7:29AM) for bootstrapping to complete...
E1109 06:39:08.089412  146484 reflector.go:138] k8s.io/client-go/tools/watch/informerwatcher.go:146: Failed to watch *v1.ConfigMap: Get "https://api.bm.surote.local:6443/api/v1/namespaces/kube-system/configmaps?allowWatchBookmarks=true&fieldSelector=metadata.name%3Dbootstrap&resourceVersion=4570&timeoutSeconds=318&watch=true": dial tcp 192.168.3.130:6443: connect: no route to host
DEBUG Bootstrap status: complete
INFO Destroying the bootstrap resources...
DEBUG Symlinking plugin terraform-provider-vsphereprivate src: "/home/kni/openshift-baremetal-install" dst: "/tmp/openshift-install-bootstrap-4272288829/plugins/openshift/local/vsphereprivate/1.0.0/linux_amd64/terraform-provider-vsphereprivate"
DEBUG Symlinking plugin terraform-provider-alicloud src: "/home/kni/openshift-baremetal-install" dst: "/tmp/openshift-install-bootstrap-4272288829/plugins/openshift/local/alicloud/1.0.0/linux_amd64/terraform-provider-alicloud"
DEBUG Symlinking plugin terraform-provider-ignition src: "/home/kni/openshift-baremetal-install" dst: "/tmp/openshift-install-bootstrap-4272288829/plugins/openshift/local/ignition/1.0.0/linux_amd64/terraform-provider-ignition"
DEBUG Symlinking plugin terraform-provider-openstack src: "/home/kni/openshift-baremetal-install" dst: "/tmp/openshift-install-bootstrap-4272288829/plugins/openshift/local/openstack/1.0.0/linux_amd64/terraform-provider-openstack"
DEBUG Symlinking plugin terraform-provider-vsphere src: "/home/kni/openshift-baremetal-install" dst: "/tmp/openshift-install-bootstrap-4272288829/plugins/openshift/local/vsphere/1.0.0/linux_amd64/terraform-provider-vsphere"
DEBUG Symlinking plugin terraform-provider-azurestack src: "/home/kni/openshift-baremetal-install" dst: "/tmp/openshift-install-bootstrap-4272288829/plugins/openshift/local/azurestack/1.0.0/linux_amd64/terraform-provider-azurestack"
DEBUG Symlinking plugin terraform-provider-ironic src: "/home/kni/openshift-baremetal-install" dst: "/tmp/openshift-install-bootstrap-4272288829/plugins/openshift/local/ironic/1.0.0/linux_amd64/terraform-provider-ironic"
DEBUG Symlinking plugin terraform-provider-ovirt src: "/home/kni/openshift-baremetal-install" dst: "/tmp/openshift-install-bootstrap-4272288829/plugins/openshift/local/ovirt/1.0.0/linux_amd64/terraform-provider-ovirt"
DEBUG Symlinking plugin terraform-provider-libvirt src: "/home/kni/openshift-baremetal-install" dst: "/tmp/openshift-install-bootstrap-4272288829/plugins/openshift/local/libvirt/1.0.0/linux_amd64/terraform-provider-libvirt"
DEBUG Symlinking plugin terraform-provider-aws src: "/home/kni/openshift-baremetal-install" dst: "/tmp/openshift-install-bootstrap-4272288829/plugins/openshift/local/aws/1.0.0/linux_amd64/terraform-provider-aws"
DEBUG Symlinking plugin terraform-provider-azurerm src: "/home/kni/openshift-baremetal-install" dst: "/tmp/openshift-install-bootstrap-4272288829/plugins/openshift/local/azurerm/1.0.0/linux_amd64/terraform-provider-azurerm"
DEBUG Symlinking plugin terraform-provider-azureprivatedns src: "/home/kni/openshift-baremetal-install" dst: "/tmp/openshift-install-bootstrap-4272288829/plugins/openshift/local/azureprivatedns/1.0.0/linux_amd64/terraform-provider-azureprivatedns"
DEBUG Symlinking plugin terraform-provider-ibm src: "/home/kni/openshift-baremetal-install" dst: "/tmp/openshift-install-bootstrap-4272288829/plugins/openshift/local/ibm/1.0.0/linux_amd64/terraform-provider-ibm"
DEBUG Symlinking plugin terraform-provider-google src: "/home/kni/openshift-baremetal-install" dst: "/tmp/openshift-install-bootstrap-4272288829/plugins/openshift/local/google/1.0.0/linux_amd64/terraform-provider-google"
DEBUG Symlinking plugin terraform-provider-local src: "/home/kni/openshift-baremetal-install" dst: "/tmp/openshift-install-bootstrap-4272288829/plugins/openshift/local/local/1.0.0/linux_amd64/terraform-provider-local"
DEBUG Symlinking plugin terraform-provider-random src: "/home/kni/openshift-baremetal-install" dst: "/tmp/openshift-install-bootstrap-4272288829/plugins/openshift/local/random/1.0.0/linux_amd64/terraform-provider-random"
DEBUG
DEBUG Initializing the backend...
DEBUG
DEBUG Initializing provider plugins...
DEBUG - Finding latest version of openshift/local/ironic...
DEBUG - Finding latest version of openshift/local/libvirt...
DEBUG - Installing openshift/local/ironic v1.0.0...
DEBUG - Installed openshift/local/ironic v1.0.0 (unauthenticated)
DEBUG - Installing openshift/local/libvirt v1.0.0...
DEBUG - Installed openshift/local/libvirt v1.0.0 (unauthenticated)
DEBUG
DEBUG Terraform has created a lock file .terraform.lock.hcl to record the provider
DEBUG selections it made above. Include this file in your version control repository
DEBUG so that Terraform can guarantee to make the same selections by default when
DEBUG you run "terraform init" in the future.
DEBUG
DEBUG Terraform has been successfully initialized!
DEBUG
DEBUG You may now begin working with Terraform. Try running "terraform plan" to see
DEBUG any changes that are required for your infrastructure. All Terraform commands
DEBUG should now work.
DEBUG
DEBUG If you ever set or change modules or backend configuration for Terraform,
DEBUG rerun this command to reinitialize your working directory. If you forget, other
DEBUG commands will detect it and remind you to do so if necessary.
DEBUG libvirt_domain.bootstrap: Destroying... [id=a695b0f0-bcd5-4557-b3b1-d9a7f84bf77f]
DEBUG libvirt_domain.bootstrap: Destruction complete after 2s
DEBUG libvirt_volume.bootstrap: Destroying... [id=/var/lib/libvirt/openshift-images/bm-gjzqj-bootstrap/bm-gjzqj-bootstrap]
DEBUG libvirt_ignition.bootstrap: Destroying... [id=/var/lib/libvirt/openshift-images/bm-gjzqj-bootstrap/bm-gjzqj-bootstrap.ign;b80499f8-38b3-4e08-86ab-b437d1f916f2]
DEBUG libvirt_volume.bootstrap: Destruction complete after 0s
DEBUG libvirt_ignition.bootstrap: Destruction complete after 0s
DEBUG libvirt_volume.bootstrap-base: Destroying... [id=/var/lib/libvirt/openshift-images/bm-gjzqj-bootstrap/bm-gjzqj-bootstrap-base]
DEBUG libvirt_volume.bootstrap-base: Destruction complete after 0s
DEBUG libvirt_pool.bootstrap: Destroying... [id=37eb9cad-5a11-4672-9141-4e8f5b7c9810]
DEBUG libvirt_pool.bootstrap: Destruction complete after 5s
DEBUG
DEBUG Warning: Value for undeclared variable
DEBUG
DEBUG The root module does not declare a variable named "control_plane_interfaces"
DEBUG but a value was found in file
DEBUG "/tmp/openshift-install-bootstrap-4272288829/masters.tfvars.json". To use this
DEBUG value, add a "variable" block to the configuration.
DEBUG
DEBUG Using a variables file to set an undeclared variable is deprecated and will
DEBUG become an error in a future release. If you wish to provide certain "global"
DEBUG settings to all configurations in your organization, use TF_VAR_...
DEBUG environment variables to set these instead.
DEBUG
DEBUG
DEBUG Destroy complete! Resources: 5 destroyed.
DEBUG Loading Install Config...
DEBUG   Loading SSH Key...
DEBUG   Loading Base Domain...
DEBUG     Loading Platform...
DEBUG   Loading Cluster Name...
DEBUG     Loading Base Domain...
DEBUG     Loading Platform...
DEBUG   Loading Networking...
DEBUG     Loading Platform...
DEBUG   Loading Pull Secret...
DEBUG   Loading Platform...
DEBUG Using Install Config loaded from state file
INFO Waiting up to 1h0m0s (until 8:15AM) for the cluster at https://api.bm.surote.local:6443 to initialize...
DEBUG Still waiting for the cluster to initialize: Working towards 4.10.38: 748 of 773 done (96% complete)
DEBUG Still waiting for the cluster to initialize: Working towards 4.10.38: 749 of 773 done (96% complete)
DEBUG Still waiting for the cluster to initialize: Some cluster operators are still updating: authentication, console, ingress, monitoring
DEBUG Still waiting for the cluster to initialize: Some cluster operators are still updating: authentication, console, ingress, monitoring
DEBUG Still waiting for the cluster to initialize: Working towards 4.10.38
DEBUG Still waiting for the cluster to initialize: Working towards 4.10.38: 316 of 773 done (40% complete)
DEBUG Still waiting for the cluster to initialize: Working towards 4.10.38: 317 of 773 done (41% complete)
DEBUG Still waiting for the cluster to initialize: Working towards 4.10.38: 613 of 773 done (79% complete)
DEBUG Still waiting for the cluster to initialize: Working towards 4.10.38: 617 of 773 done (79% complete)
DEBUG Still waiting for the cluster to initialize: Working towards 4.10.38: 619 of 773 done (80% complete)
DEBUG Still waiting for the cluster to initialize: Working towards 4.10.38: 621 of 773 done (80% complete)
DEBUG Still waiting for the cluster to initialize: Working towards 4.10.38: 624 of 773 done (80% complete)
DEBUG Still waiting for the cluster to initialize: Working towards 4.10.38: 749 of 773 done (96% complete)
DEBUG Still waiting for the cluster to initialize: Some cluster operators are still updating: authentication, console, ingress, monitoring
DEBUG Still waiting for the cluster to initialize: Some cluster operators are still updating: authentication, console, ingress, monitoring
DEBUG Still waiting for the cluster to initialize: Some cluster operators are still updating: authentication, console, ingress, monitoring
DEBUG Still waiting for the cluster to initialize: Some cluster operators are still updating: authentication, console, monitoring
DEBUG Still waiting for the cluster to initialize: Working towards 4.10.38: 767 of 773 done (99% complete)
DEBUG Cluster is initialized
INFO Waiting up to 10m0s (until 8:15AM) for the openshift-console route to be created...
DEBUG Route found in openshift-console namespace: console
DEBUG OpenShift console route is admitted
INFO Install complete!
INFO To access the cluster as the system:admin user when using 'oc', run 'export KUBECONFIG=/home/kni/clusterconfigs/auth/kubeconfig'
INFO Access the OpenShift web-console here: https://console-openshift-console.apps.bm.surote.local
INFO Login to the console with user: "kubeadmin", and password: "fbfGy-2FZvm-88LVb-8mxmQ"
DEBUG Time elapsed per stage:
DEBUG          bootstrap: 2m17s
DEBUG            masters: 22m14s
DEBUG Bootstrap Complete: 46m9s
DEBUG  Bootstrap Destroy: 18s
DEBUG  Cluster Operators: 50m3s
INFO Time elapsed: 2h1m7s
[kni@provisioner ~]$
